<?xml version="1.0" encoding="UTF-8"?>
<!-- Generated by org.testng.reporters.JUnitXMLReporter -->
<testsuite hostname="G10GNLT049" name="ARCRegressionTest-Other-for-Communities" tests="7" failures="0" timestamp="27 Nov 2017 04:59:18 GMT" time="784.607" errors="0">
  <testcase name="energyMeterCreate" time="83.288" classname="com.arc.testcases.MyCommunities.Other.EnergyMeterCreateTest"/>
  <testcase name="waterMeterCreate" time="101.487" classname="com.arc.testcases.MyCommunities.Other.WaterMeterCreateTest"/>
  <testcase name="wasteMeterCreate" time="88.552" classname="com.arc.testcases.MyCommunities.Other.WasteGenerationMeterCreateTest"/>
  <testcase name="wasteMeterCreate" time="80.09" classname="com.arc.testcases.MyCommunities.Other.WastediversionMeterCreateTest"/>
  <testcase name="transprotionMeterCreate" time="87.631" classname="com.arc.testcases.MyCommunities.Other.TrasnsportionCreateMeterTest"/>
  <testcase name="humanExperienceMeterCreate" time="80.339" classname="com.arc.testcases.MyCommunities.Other.HumanExpCreateSurveyTest"/>
  <testcase name="aditioanalFieldMeterCreate" time="90.556" classname="com.arc.testcases.MyCommunities.Other.AdditionalDeatilsCreateMeterTest"/>
</testsuite> <!-- ARCRegressionTest-Other-for-Communities -->
