<?xml version="1.0" encoding="UTF-8"?>
<!-- Generated by org.testng.reporters.JUnitXMLReporter -->
<testsuite hostname="G10CHLT003" name="ARCRegressionTest-Building" tests="2" failures="0" timestamp="7 Dec 2017 06:11:58 GMT" time="218.334" errors="0">
  <testcase name="energyTotalAnalytics" time="75.264" classname="com.arc.testcases.MyBuildings.LEED.ETotalAnalyticsTest"/>
  <testcase name="carbonTotal" time="77.699" classname="com.arc.testcases.MyBuildings.LEED.CTotalAnalyticsTest"/>
</testsuite> <!-- ARCRegressionTest-Building -->
