<?xml version="1.0" encoding="UTF-8"?>
<!-- Generated by org.testng.reporters.JUnitXMLReporter -->
<testsuite hostname="G10CHLT003" name="ARCRegressionTest-Building-Transit" tests="3" failures="1" timestamp="6 Dec 2017 08:03:16 GMT" time="276.539" errors="0">
  <testcase name="loginCase" time="35.625" classname="com.arc.testcases.MyBuildings.LEEDfortransit.LoginCaseTest"/>
  <testcase name="addNewProject" time="74.53" classname="com.arc.testcases.MyBuildings.LEEDfortransit.AbovegroundAddNewProjectTest"/>
  <testcase name="clickSearchedProgram" time="105.038" classname="com.arc.testcases.MyBuildings.LEEDfortransit.ClickSearchedProgramTest">
    <failure type="java.lang.Error" message="Element is not currently visible and so may not be interacted with
Command duration or timeout: 60.12 seconds
Build info: version: &amp;apos;2.53.1&amp;apos;, revision: &amp;apos;a36b8b1cd5757287168e54b817830adce9b0158d&amp;apos;, time: &amp;apos;2016-06-30 19:26:09&amp;apos;
System info: host: &amp;apos;G10CHLT003&amp;apos;, ip: &amp;apos;10.124.67.67&amp;apos;, os.name: &amp;apos;Windows 7&amp;apos;, os.arch: &amp;apos;amd64&amp;apos;, os.version: &amp;apos;6.1&amp;apos;, java.version: &amp;apos;1.7.0_80&amp;apos;
Session ID: 6cfcc7df-eeaa-444b-b633-3419aeeec82e
Driver info: org.openqa.selenium.firefox.FirefoxDriver
Capabilities [{platform=WINDOWS, acceptSslCerts=true, javascriptEnabled=true, cssSelectorsEnabled=true, databaseEnabled=true, browserName=firefox, handlesAlerts=true, nativeEvents=false, webStorageEnabled=true, rotatable=false, locationContextEnabled=true, applicationCacheEnabled=true, takesScreenshot=true, version=46.0}]">
      <![CDATA[java.lang.Error: Element is not currently visible and so may not be interacted with
Command duration or timeout: 60.12 seconds
Build info: version: '2.53.1', revision: 'a36b8b1cd5757287168e54b817830adce9b0158d', time: '2016-06-30 19:26:09'
System info: host: 'G10CHLT003', ip: '10.124.67.67', os.name: 'Windows 7', os.arch: 'amd64', os.version: '6.1', java.version: '1.7.0_80'
Session ID: 6cfcc7df-eeaa-444b-b633-3419aeeec82e
Driver info: org.openqa.selenium.firefox.FirefoxDriver
Capabilities [{platform=WINDOWS, acceptSslCerts=true, javascriptEnabled=true, cssSelectorsEnabled=true, databaseEnabled=true, browserName=firefox, handlesAlerts=true, nativeEvents=false, webStorageEnabled=true, rotatable=false, locationContextEnabled=true, applicationCacheEnabled=true, takesScreenshot=true, version=46.0}]
	at org.openqa.selenium.remote.ErrorHandler.createThrowable(ErrorHandler.java:206)
	at org.openqa.selenium.remote.ErrorHandler.throwIfResponseFailed(ErrorHandler.java:158)
	at org.openqa.selenium.remote.RemoteWebDriver.execute(RemoteWebDriver.java:678)
	at org.openqa.selenium.remote.RemoteWebElement.execute(RemoteWebElement.java:327)
	at org.openqa.selenium.remote.RemoteWebElement.click(RemoteWebElement.java:85)
	at com.arc.driver.CommonMethod.click(CommonMethod.java:176)
	at com.arc.ReusableMethods.ReusableMethodsSearch.VerifySearchedProgram(ReusableMethodsSearch.java:49)
	at com.arc.testcases.MyBuildings.LEEDfortransit.ClickSearchedProgramTest.clickSearchedProgram(ClickSearchedProgramTest.java:31)
... Removed 36 stack frames]]>
    </failure>
  </testcase> <!-- clickSearchedProgram -->
</testsuite> <!-- ARCRegressionTest-Building-Transit -->
