<?xml version="1.0" encoding="UTF-8"?>
<!-- Generated by org.testng.reporters.JUnitXMLReporter -->
<testsuite hostname="G10CHLT003" name="Command line test" tests="349" failures="0" timestamp="1 Dec 2017 13:00:17 GMT" time="0.746" errors="0">
  <testcase name="@BeforeClass setup" time="0.0" classname="com.arc.testcases.MyBuildings.Parksmart.AddNewProjectINDTest">
    <failure type="org.testng.TestNGException" message="
Parameter &amp;apos;browserName&amp;apos; is required by @Configuration on method setup but has not been marked @Optional or defined
">
      <![CDATA[org.testng.TestNGException: 
Parameter 'browserName' is required by @Configuration on method setup but has not been marked @Optional or defined

... Removed 31 stack frames]]>
    </failure>
  </testcase> <!-- @BeforeClass setup -->
  <testcase name="@AfterClass end" time="0.0" classname="com.arc.testcases.MyBuildings.Parksmart.AddNewProjectINDTest">
    <failure type="java.lang.NullPointerException">
      <![CDATA[java.lang.NullPointerException
	at com.arc.driver.BaseClass.end(BaseClass.java:185)
... Removed 34 stack frames]]>
    </failure>
  </testcase> <!-- @AfterClass end -->
  <testcase name="@BeforeClass setup" time="0.0" classname="com.arc.testcases.MyBuildings.LEED.AddNewProjectTest">
    <failure type="org.testng.TestNGException" message="
Parameter &amp;apos;browserName&amp;apos; is required by @Configuration on method setup but has not been marked @Optional or defined
">
      <![CDATA[org.testng.TestNGException: 
Parameter 'browserName' is required by @Configuration on method setup but has not been marked @Optional or defined

... Removed 31 stack frames]]>
    </failure>
  </testcase> <!-- @BeforeClass setup -->
  <testcase name="@AfterClass end" time="0.0" classname="com.arc.testcases.MyBuildings.LEED.AddNewProjectTest">
    <failure type="java.lang.NullPointerException">
      <![CDATA[java.lang.NullPointerException
	at com.arc.driver.BaseClass.end(BaseClass.java:185)
... Removed 34 stack frames]]>
    </failure>
  </testcase> <!-- @AfterClass end -->
  <testcase name="@BeforeClass setup" time="0.0" classname="com.arc.testcases.MyBuildings.None.AddNewProjectTest">
    <failure type="org.testng.TestNGException" message="
Parameter &amp;apos;browserName&amp;apos; is required by @Configuration on method setup but has not been marked @Optional or defined
">
      <![CDATA[org.testng.TestNGException: 
Parameter 'browserName' is required by @Configuration on method setup but has not been marked @Optional or defined

... Removed 31 stack frames]]>
    </failure>
  </testcase> <!-- @BeforeClass setup -->
  <testcase name="@AfterClass end" time="0.0" classname="com.arc.testcases.MyBuildings.None.AddNewProjectTest">
    <failure type="java.lang.NullPointerException">
      <![CDATA[java.lang.NullPointerException
	at com.arc.driver.BaseClass.end(BaseClass.java:185)
... Removed 34 stack frames]]>
    </failure>
  </testcase> <!-- @AfterClass end -->
  <testcase name="@BeforeClass setup" time="0.0" classname="com.arc.testcases.MyBuildings.Other.AddNewProjectTest">
    <failure type="org.testng.TestNGException" message="
Parameter &amp;apos;browserName&amp;apos; is required by @Configuration on method setup but has not been marked @Optional or defined
">
      <![CDATA[org.testng.TestNGException: 
Parameter 'browserName' is required by @Configuration on method setup but has not been marked @Optional or defined

... Removed 31 stack frames]]>
    </failure>
  </testcase> <!-- @BeforeClass setup -->
  <testcase name="@AfterClass end" time="0.0" classname="com.arc.testcases.MyBuildings.Other.AddNewProjectTest">
    <failure type="java.lang.NullPointerException">
      <![CDATA[java.lang.NullPointerException
	at com.arc.driver.BaseClass.end(BaseClass.java:185)
... Removed 34 stack frames]]>
    </failure>
  </testcase> <!-- @AfterClass end -->
  <testcase name="@BeforeClass setup" time="0.0" classname="com.arc.testcases.MyCities.LEEDforCities.AddNewProjectTest">
    <failure type="org.testng.TestNGException" message="
Parameter &amp;apos;browserName&amp;apos; is required by @Configuration on method setup but has not been marked @Optional or defined
">
      <![CDATA[org.testng.TestNGException: 
Parameter 'browserName' is required by @Configuration on method setup but has not been marked @Optional or defined

... Removed 31 stack frames]]>
    </failure>
  </testcase> <!-- @BeforeClass setup -->
  <testcase name="@AfterClass end" time="0.0" classname="com.arc.testcases.MyCities.LEEDforCities.AddNewProjectTest">
    <failure type="java.lang.NullPointerException">
      <![CDATA[java.lang.NullPointerException
	at com.arc.driver.BaseClass.end(BaseClass.java:185)
... Removed 34 stack frames]]>
    </failure>
  </testcase> <!-- @AfterClass end -->
  <testcase name="@BeforeClass setup" time="0.0" classname="com.arc.testcases.MyCities.None.AddNewProjectTest">
    <failure type="org.testng.TestNGException" message="
Parameter &amp;apos;browserName&amp;apos; is required by @Configuration on method setup but has not been marked @Optional or defined
">
      <![CDATA[org.testng.TestNGException: 
Parameter 'browserName' is required by @Configuration on method setup but has not been marked @Optional or defined

... Removed 31 stack frames]]>
    </failure>
  </testcase> <!-- @BeforeClass setup -->
  <testcase name="@AfterClass end" time="0.0" classname="com.arc.testcases.MyCities.None.AddNewProjectTest">
    <failure type="java.lang.NullPointerException">
      <![CDATA[java.lang.NullPointerException
	at com.arc.driver.BaseClass.end(BaseClass.java:185)
... Removed 34 stack frames]]>
    </failure>
  </testcase> <!-- @AfterClass end -->
  <testcase name="@BeforeClass setup" time="0.0" classname="com.arc.testcases.MyCities.Other.AddNewProjectTest">
    <failure type="org.testng.TestNGException" message="
Parameter &amp;apos;browserName&amp;apos; is required by @Configuration on method setup but has not been marked @Optional or defined
">
      <![CDATA[org.testng.TestNGException: 
Parameter 'browserName' is required by @Configuration on method setup but has not been marked @Optional or defined

... Removed 31 stack frames]]>
    </failure>
  </testcase> <!-- @BeforeClass setup -->
  <testcase name="@AfterClass end" time="0.0" classname="com.arc.testcases.MyCities.Other.AddNewProjectTest">
    <failure type="java.lang.NullPointerException">
      <![CDATA[java.lang.NullPointerException
	at com.arc.driver.BaseClass.end(BaseClass.java:185)
... Removed 34 stack frames]]>
    </failure>
  </testcase> <!-- @AfterClass end -->
  <testcase name="@BeforeClass setup" time="0.0" classname="com.arc.testcases.MyCommunities.LEEDforCommunities.AddNewProjectTest">
    <failure type="org.testng.TestNGException" message="
Parameter &amp;apos;browserName&amp;apos; is required by @Configuration on method setup but has not been marked @Optional or defined
">
      <![CDATA[org.testng.TestNGException: 
Parameter 'browserName' is required by @Configuration on method setup but has not been marked @Optional or defined

... Removed 31 stack frames]]>
    </failure>
  </testcase> <!-- @BeforeClass setup -->
  <testcase name="@AfterClass end" time="0.0" classname="com.arc.testcases.MyCommunities.LEEDforCommunities.AddNewProjectTest">
    <failure type="java.lang.NullPointerException">
      <![CDATA[java.lang.NullPointerException
	at com.arc.driver.BaseClass.end(BaseClass.java:185)
... Removed 34 stack frames]]>
    </failure>
  </testcase> <!-- @AfterClass end -->
  <testcase name="@BeforeClass setup" time="0.0" classname="com.arc.testcases.MyCommunities.None.AddNewProjectTest">
    <failure type="org.testng.TestNGException" message="
Parameter &amp;apos;browserName&amp;apos; is required by @Configuration on method setup but has not been marked @Optional or defined
">
      <![CDATA[org.testng.TestNGException: 
Parameter 'browserName' is required by @Configuration on method setup but has not been marked @Optional or defined

... Removed 31 stack frames]]>
    </failure>
  </testcase> <!-- @BeforeClass setup -->
  <testcase name="@AfterClass end" time="0.0" classname="com.arc.testcases.MyCommunities.None.AddNewProjectTest">
    <failure type="java.lang.NullPointerException">
      <![CDATA[java.lang.NullPointerException
	at com.arc.driver.BaseClass.end(BaseClass.java:185)
... Removed 34 stack frames]]>
    </failure>
  </testcase> <!-- @AfterClass end -->
  <testcase name="@BeforeClass setup" time="0.0" classname="com.arc.testcases.MyCommunities.Other.AddNewProjectTest">
    <failure type="org.testng.TestNGException" message="
Parameter &amp;apos;browserName&amp;apos; is required by @Configuration on method setup but has not been marked @Optional or defined
">
      <![CDATA[org.testng.TestNGException: 
Parameter 'browserName' is required by @Configuration on method setup but has not been marked @Optional or defined

... Removed 31 stack frames]]>
    </failure>
  </testcase> <!-- @BeforeClass setup -->
  <testcase name="@AfterClass end" time="0.0" classname="com.arc.testcases.MyCommunities.Other.AddNewProjectTest">
    <failure type="java.lang.NullPointerException">
      <![CDATA[java.lang.NullPointerException
	at com.arc.driver.BaseClass.end(BaseClass.java:185)
... Removed 34 stack frames]]>
    </failure>
  </testcase> <!-- @AfterClass end -->
  <testcase name="@BeforeClass setup" time="0.0" classname="com.arc.testcases.MyCommunities.None.AdditionalDeatilsCreateMeterTest">
    <failure type="org.testng.TestNGException" message="
Parameter &amp;apos;browserName&amp;apos; is required by @Configuration on method setup but has not been marked @Optional or defined
">
      <![CDATA[org.testng.TestNGException: 
Parameter 'browserName' is required by @Configuration on method setup but has not been marked @Optional or defined

... Removed 31 stack frames]]>
    </failure>
  </testcase> <!-- @BeforeClass setup -->
  <testcase name="@AfterClass end" time="0.0" classname="com.arc.testcases.MyCommunities.None.AdditionalDeatilsCreateMeterTest">
    <failure type="java.lang.NullPointerException">
      <![CDATA[java.lang.NullPointerException
	at com.arc.driver.BaseClass.end(BaseClass.java:185)
... Removed 34 stack frames]]>
    </failure>
  </testcase> <!-- @AfterClass end -->
  <testcase name="@BeforeClass setup" time="0.0" classname="com.arc.testcases.MyCities.LEEDforCities.AdditionalDeatilsCreateMeterTest">
    <failure type="org.testng.TestNGException" message="
Parameter &amp;apos;browserName&amp;apos; is required by @Configuration on method setup but has not been marked @Optional or defined
">
      <![CDATA[org.testng.TestNGException: 
Parameter 'browserName' is required by @Configuration on method setup but has not been marked @Optional or defined

... Removed 31 stack frames]]>
    </failure>
  </testcase> <!-- @BeforeClass setup -->
  <testcase name="@AfterClass end" time="0.0" classname="com.arc.testcases.MyCities.LEEDforCities.AdditionalDeatilsCreateMeterTest">
    <failure type="java.lang.NullPointerException">
      <![CDATA[java.lang.NullPointerException
	at com.arc.driver.BaseClass.end(BaseClass.java:185)
... Removed 34 stack frames]]>
    </failure>
  </testcase> <!-- @AfterClass end -->
  <testcase name="@BeforeClass setup" time="0.0" classname="com.arc.testcases.MyCities.None.AdditionalDeatilsCreateMeterTest">
    <failure type="org.testng.TestNGException" message="
Parameter &amp;apos;browserName&amp;apos; is required by @Configuration on method setup but has not been marked @Optional or defined
">
      <![CDATA[org.testng.TestNGException: 
Parameter 'browserName' is required by @Configuration on method setup but has not been marked @Optional or defined

... Removed 31 stack frames]]>
    </failure>
  </testcase> <!-- @BeforeClass setup -->
  <testcase name="@AfterClass end" time="0.0" classname="com.arc.testcases.MyCities.None.AdditionalDeatilsCreateMeterTest">
    <failure type="java.lang.NullPointerException">
      <![CDATA[java.lang.NullPointerException
	at com.arc.driver.BaseClass.end(BaseClass.java:185)
... Removed 34 stack frames]]>
    </failure>
  </testcase> <!-- @AfterClass end -->
  <testcase name="@BeforeClass setup" time="0.0" classname="com.arc.testcases.MyCities.Other.AdditionalDeatilsCreateMeterTest">
    <failure type="org.testng.TestNGException" message="
Parameter &amp;apos;browserName&amp;apos; is required by @Configuration on method setup but has not been marked @Optional or defined
">
      <![CDATA[org.testng.TestNGException: 
Parameter 'browserName' is required by @Configuration on method setup but has not been marked @Optional or defined

... Removed 31 stack frames]]>
    </failure>
  </testcase> <!-- @BeforeClass setup -->
  <testcase name="@AfterClass end" time="0.0" classname="com.arc.testcases.MyCities.Other.AdditionalDeatilsCreateMeterTest">
    <failure type="java.lang.NullPointerException">
      <![CDATA[java.lang.NullPointerException
	at com.arc.driver.BaseClass.end(BaseClass.java:185)
... Removed 34 stack frames]]>
    </failure>
  </testcase> <!-- @AfterClass end -->
  <testcase name="@BeforeClass setup" time="0.0" classname="com.arc.testcases.MyCommunities.LEEDforCommunities.AdditionalDeatilsCreateMeterTest">
    <failure type="org.testng.TestNGException" message="
Parameter &amp;apos;browserName&amp;apos; is required by @Configuration on method setup but has not been marked @Optional or defined
">
      <![CDATA[org.testng.TestNGException: 
Parameter 'browserName' is required by @Configuration on method setup but has not been marked @Optional or defined

... Removed 31 stack frames]]>
    </failure>
  </testcase> <!-- @BeforeClass setup -->
  <testcase name="@AfterClass end" time="0.0" classname="com.arc.testcases.MyCommunities.LEEDforCommunities.AdditionalDeatilsCreateMeterTest">
    <failure type="java.lang.NullPointerException">
      <![CDATA[java.lang.NullPointerException
	at com.arc.driver.BaseClass.end(BaseClass.java:185)
... Removed 34 stack frames]]>
    </failure>
  </testcase> <!-- @AfterClass end -->
  <testcase name="@BeforeClass setup" time="0.0" classname="com.arc.testcases.MyCommunities.Other.AdditionalDeatilsCreateMeterTest">
    <failure type="org.testng.TestNGException" message="
Parameter &amp;apos;browserName&amp;apos; is required by @Configuration on method setup but has not been marked @Optional or defined
">
      <![CDATA[org.testng.TestNGException: 
Parameter 'browserName' is required by @Configuration on method setup but has not been marked @Optional or defined

... Removed 31 stack frames]]>
    </failure>
  </testcase> <!-- @BeforeClass setup -->
  <testcase name="@AfterClass end" time="0.0" classname="com.arc.testcases.MyCommunities.Other.AdditionalDeatilsCreateMeterTest">
    <failure type="java.lang.NullPointerException">
      <![CDATA[java.lang.NullPointerException
	at com.arc.driver.BaseClass.end(BaseClass.java:185)
... Removed 34 stack frames]]>
    </failure>
  </testcase> <!-- @AfterClass end -->
  <testcase name="@BeforeClass setup" time="0.0" classname="com.arc.testcases.MyCommunities.LEEDforCommunities.BillingDateVerificationTest">
    <failure type="org.testng.TestNGException" message="
Parameter &amp;apos;browserName&amp;apos; is required by @Configuration on method setup but has not been marked @Optional or defined
">
      <![CDATA[org.testng.TestNGException: 
Parameter 'browserName' is required by @Configuration on method setup but has not been marked @Optional or defined

... Removed 31 stack frames]]>
    </failure>
  </testcase> <!-- @BeforeClass setup -->
  <testcase name="@AfterClass end" time="0.0" classname="com.arc.testcases.MyCommunities.LEEDforCommunities.BillingDateVerificationTest">
    <failure type="java.lang.NullPointerException">
      <![CDATA[java.lang.NullPointerException
	at com.arc.driver.BaseClass.end(BaseClass.java:185)
... Removed 33 stack frames]]>
    </failure>
  </testcase> <!-- @AfterClass end -->
  <testcase name="@BeforeClass setup" time="0.0" classname="com.arc.testcases.MyCommunities.LEEDforCommunities.BillingRegistrationAmountVerificationTest">
    <failure type="org.testng.TestNGException" message="
Parameter &amp;apos;browserName&amp;apos; is required by @Configuration on method setup but has not been marked @Optional or defined
">
      <![CDATA[org.testng.TestNGException: 
Parameter 'browserName' is required by @Configuration on method setup but has not been marked @Optional or defined

... Removed 31 stack frames]]>
    </failure>
  </testcase> <!-- @BeforeClass setup -->
  <testcase name="@AfterClass end" time="0.0" classname="com.arc.testcases.MyCommunities.LEEDforCommunities.BillingRegistrationAmountVerificationTest">
    <failure type="java.lang.NullPointerException">
      <![CDATA[java.lang.NullPointerException
	at com.arc.driver.BaseClass.end(BaseClass.java:185)
... Removed 33 stack frames]]>
    </failure>
  </testcase> <!-- @AfterClass end -->
  <testcase name="@BeforeClass setup" time="0.0" classname="com.arc.testcases.MyBuildings.LEED.BillingStatusVerificationTest">
    <failure type="org.testng.TestNGException" message="
Parameter &amp;apos;browserName&amp;apos; is required by @Configuration on method setup but has not been marked @Optional or defined
">
      <![CDATA[org.testng.TestNGException: 
Parameter 'browserName' is required by @Configuration on method setup but has not been marked @Optional or defined

... Removed 31 stack frames]]>
    </failure>
  </testcase> <!-- @BeforeClass setup -->
  <testcase name="@AfterClass end" time="0.0" classname="com.arc.testcases.MyBuildings.LEED.BillingStatusVerificationTest">
    <failure type="java.lang.NullPointerException">
      <![CDATA[java.lang.NullPointerException
	at com.arc.driver.BaseClass.end(BaseClass.java:185)
... Removed 33 stack frames]]>
    </failure>
  </testcase> <!-- @AfterClass end -->
  <testcase name="@BeforeClass setup" time="0.0" classname="com.arc.testcases.MyCommunities.LEEDforCommunities.BillingStatusVerificationTest">
    <failure type="org.testng.TestNGException" message="
Parameter &amp;apos;browserName&amp;apos; is required by @Configuration on method setup but has not been marked @Optional or defined
">
      <![CDATA[org.testng.TestNGException: 
Parameter 'browserName' is required by @Configuration on method setup but has not been marked @Optional or defined

... Removed 31 stack frames]]>
    </failure>
  </testcase> <!-- @BeforeClass setup -->
  <testcase name="@AfterClass end" time="0.0" classname="com.arc.testcases.MyCommunities.LEEDforCommunities.BillingStatusVerificationTest">
    <failure type="java.lang.NullPointerException">
      <![CDATA[java.lang.NullPointerException
	at com.arc.driver.BaseClass.end(BaseClass.java:185)
... Removed 33 stack frames]]>
    </failure>
  </testcase> <!-- @AfterClass end -->
  <testcase name="@BeforeClass setup" time="0.0" classname="com.arc.testcases.MyBuildings.LEEDfortransit.CalculateWeightedOccupancyTest">
    <failure type="org.testng.TestNGException" message="
Parameter &amp;apos;browserName&amp;apos; is required by @Configuration on method setup but has not been marked @Optional or defined
">
      <![CDATA[org.testng.TestNGException: 
Parameter 'browserName' is required by @Configuration on method setup but has not been marked @Optional or defined

... Removed 31 stack frames]]>
    </failure>
  </testcase> <!-- @BeforeClass setup -->
  <testcase name="@AfterClass end" time="0.0" classname="com.arc.testcases.MyBuildings.LEEDfortransit.CalculateWeightedOccupancyTest">
    <failure type="java.lang.NullPointerException">
      <![CDATA[java.lang.NullPointerException
	at com.arc.driver.BaseClass.end(BaseClass.java:185)
... Removed 33 stack frames]]>
    </failure>
  </testcase> <!-- @AfterClass end -->
  <testcase name="@BeforeClass setup" time="0.0" classname="com.arc.testcases.MyBuildings.LEED.CertificationReviewTest">
    <failure type="org.testng.TestNGException" message="
Parameter &amp;apos;browserName&amp;apos; is required by @Configuration on method setup but has not been marked @Optional or defined
">
      <![CDATA[org.testng.TestNGException: 
Parameter 'browserName' is required by @Configuration on method setup but has not been marked @Optional or defined

... Removed 31 stack frames]]>
    </failure>
  </testcase> <!-- @BeforeClass setup -->
  <testcase name="@AfterClass end" time="0.0" classname="com.arc.testcases.MyBuildings.LEED.CertificationReviewTest">
    <failure type="java.lang.NullPointerException">
      <![CDATA[java.lang.NullPointerException
	at com.arc.driver.BaseClass.end(BaseClass.java:185)
... Removed 33 stack frames]]>
    </failure>
  </testcase> <!-- @AfterClass end -->
  <testcase name="@BeforeClass setup" time="0.0" classname="com.arc.testcases.MyBuildings.Other.ClickSearchedProgramTest">
    <failure type="org.testng.TestNGException" message="
Parameter &amp;apos;browserName&amp;apos; is required by @Configuration on method setup but has not been marked @Optional or defined
">
      <![CDATA[org.testng.TestNGException: 
Parameter 'browserName' is required by @Configuration on method setup but has not been marked @Optional or defined

... Removed 31 stack frames]]>
    </failure>
  </testcase> <!-- @BeforeClass setup -->
  <testcase name="@AfterClass end" time="0.0" classname="com.arc.testcases.MyBuildings.Other.ClickSearchedProgramTest">
    <failure type="java.lang.NullPointerException">
      <![CDATA[java.lang.NullPointerException
	at com.arc.driver.BaseClass.end(BaseClass.java:185)
... Removed 33 stack frames]]>
    </failure>
  </testcase> <!-- @AfterClass end -->
  <testcase name="@BeforeClass setup" time="0.0" classname="com.arc.testcases.MyBuildings.LEED.ClickSearchedProgramTest">
    <failure type="org.testng.TestNGException" message="
Parameter &amp;apos;browserName&amp;apos; is required by @Configuration on method setup but has not been marked @Optional or defined
">
      <![CDATA[org.testng.TestNGException: 
Parameter 'browserName' is required by @Configuration on method setup but has not been marked @Optional or defined

... Removed 31 stack frames]]>
    </failure>
  </testcase> <!-- @BeforeClass setup -->
  <testcase name="@AfterClass end" time="0.0" classname="com.arc.testcases.MyBuildings.LEED.ClickSearchedProgramTest">
    <failure type="java.lang.NullPointerException">
      <![CDATA[java.lang.NullPointerException
	at com.arc.driver.BaseClass.end(BaseClass.java:185)
... Removed 33 stack frames]]>
    </failure>
  </testcase> <!-- @AfterClass end -->
  <testcase name="@BeforeClass setup" time="0.0" classname="com.arc.testcases.MyCities.LEEDforCities.ClickSearchedProgramTest">
    <failure type="org.testng.TestNGException" message="
Parameter &amp;apos;browserName&amp;apos; is required by @Configuration on method setup but has not been marked @Optional or defined
">
      <![CDATA[org.testng.TestNGException: 
Parameter 'browserName' is required by @Configuration on method setup but has not been marked @Optional or defined

... Removed 31 stack frames]]>
    </failure>
  </testcase> <!-- @BeforeClass setup -->
  <testcase name="@AfterClass end" time="0.0" classname="com.arc.testcases.MyCities.LEEDforCities.ClickSearchedProgramTest">
    <failure type="java.lang.NullPointerException">
      <![CDATA[java.lang.NullPointerException
	at com.arc.driver.BaseClass.end(BaseClass.java:185)
... Removed 33 stack frames]]>
    </failure>
  </testcase> <!-- @AfterClass end -->
  <testcase name="@BeforeClass setup" time="0.0" classname="com.arc.testcases.MyCities.None.ClickSearchedProgramTest">
    <failure type="org.testng.TestNGException" message="
Parameter &amp;apos;browserName&amp;apos; is required by @Configuration on method setup but has not been marked @Optional or defined
">
      <![CDATA[org.testng.TestNGException: 
Parameter 'browserName' is required by @Configuration on method setup but has not been marked @Optional or defined

... Removed 31 stack frames]]>
    </failure>
  </testcase> <!-- @BeforeClass setup -->
  <testcase name="@AfterClass end" time="0.0" classname="com.arc.testcases.MyCities.None.ClickSearchedProgramTest">
    <failure type="java.lang.NullPointerException">
      <![CDATA[java.lang.NullPointerException
	at com.arc.driver.BaseClass.end(BaseClass.java:185)
... Removed 33 stack frames]]>
    </failure>
  </testcase> <!-- @AfterClass end -->
  <testcase name="@BeforeClass setup" time="0.0" classname="com.arc.testcases.MyCommunities.LEEDforCommunities.ClickSearchedProgramTest">
    <failure type="org.testng.TestNGException" message="
Parameter &amp;apos;browserName&amp;apos; is required by @Configuration on method setup but has not been marked @Optional or defined
">
      <![CDATA[org.testng.TestNGException: 
Parameter 'browserName' is required by @Configuration on method setup but has not been marked @Optional or defined

... Removed 31 stack frames]]>
    </failure>
  </testcase> <!-- @BeforeClass setup -->
  <testcase name="@AfterClass end" time="0.0" classname="com.arc.testcases.MyCommunities.LEEDforCommunities.ClickSearchedProgramTest">
    <failure type="java.lang.NullPointerException">
      <![CDATA[java.lang.NullPointerException
	at com.arc.driver.BaseClass.end(BaseClass.java:185)
... Removed 33 stack frames]]>
    </failure>
  </testcase> <!-- @AfterClass end -->
  <testcase name="@BeforeClass setup" time="0.0" classname="com.arc.testcases.MyBuildings.LEED.EditMemberRoleManagerTest">
    <failure type="org.testng.TestNGException" message="
Parameter &amp;apos;browserName&amp;apos; is required by @Configuration on method setup but has not been marked @Optional or defined
">
      <![CDATA[org.testng.TestNGException: 
Parameter 'browserName' is required by @Configuration on method setup but has not been marked @Optional or defined

... Removed 31 stack frames]]>
    </failure>
  </testcase> <!-- @BeforeClass setup -->
  <testcase name="@AfterClass end" time="0.0" classname="com.arc.testcases.MyBuildings.LEED.EditMemberRoleManagerTest">
    <failure type="java.lang.NullPointerException">
      <![CDATA[java.lang.NullPointerException
	at com.arc.driver.BaseClass.end(BaseClass.java:185)
... Removed 33 stack frames]]>
    </failure>
  </testcase> <!-- @AfterClass end -->
  <testcase name="@BeforeClass setup" time="0.0" classname="com.arc.testcases.MyCommunities.LEEDforCommunities.EditMemberRoleManagerTest">
    <failure type="org.testng.TestNGException" message="
Parameter &amp;apos;browserName&amp;apos; is required by @Configuration on method setup but has not been marked @Optional or defined
">
      <![CDATA[org.testng.TestNGException: 
Parameter 'browserName' is required by @Configuration on method setup but has not been marked @Optional or defined

... Removed 31 stack frames]]>
    </failure>
  </testcase> <!-- @BeforeClass setup -->
  <testcase name="@AfterClass end" time="0.0" classname="com.arc.testcases.MyCommunities.LEEDforCommunities.EditMemberRoleManagerTest">
    <failure type="java.lang.NullPointerException">
      <![CDATA[java.lang.NullPointerException
	at com.arc.driver.BaseClass.end(BaseClass.java:185)
... Removed 33 stack frames]]>
    </failure>
  </testcase> <!-- @AfterClass end -->
  <testcase name="@BeforeClass setup" time="0.0" classname="com.arc.testcases.MyCommunities.LEEDforCommunities.EditProjectDetailsTest">
    <failure type="org.testng.TestNGException" message="
Parameter &amp;apos;browserName&amp;apos; is required by @Configuration on method setup but has not been marked @Optional or defined
">
      <![CDATA[org.testng.TestNGException: 
Parameter 'browserName' is required by @Configuration on method setup but has not been marked @Optional or defined

... Removed 31 stack frames]]>
    </failure>
  </testcase> <!-- @BeforeClass setup -->
  <testcase name="@AfterClass end" time="0.0" classname="com.arc.testcases.MyCommunities.LEEDforCommunities.EditProjectDetailsTest">
    <failure type="java.lang.NullPointerException">
      <![CDATA[java.lang.NullPointerException
	at com.arc.driver.BaseClass.end(BaseClass.java:185)
... Removed 33 stack frames]]>
    </failure>
  </testcase> <!-- @AfterClass end -->
  <testcase name="@BeforeClass setup" time="0.0" classname="com.arc.testcases.MyBuildings.LEED.EnergyFileUploadTest">
    <failure type="org.testng.TestNGException" message="
Parameter &amp;apos;browserName&amp;apos; is required by @Configuration on method setup but has not been marked @Optional or defined
">
      <![CDATA[org.testng.TestNGException: 
Parameter 'browserName' is required by @Configuration on method setup but has not been marked @Optional or defined

... Removed 31 stack frames]]>
    </failure>
  </testcase> <!-- @BeforeClass setup -->
  <testcase name="@AfterClass end" time="0.0" classname="com.arc.testcases.MyBuildings.LEED.EnergyFileUploadTest">
    <failure type="java.lang.NullPointerException">
      <![CDATA[java.lang.NullPointerException
	at com.arc.driver.BaseClass.end(BaseClass.java:185)
... Removed 33 stack frames]]>
    </failure>
  </testcase> <!-- @AfterClass end -->
  <testcase name="@BeforeClass setup" time="0.0" classname="com.arc.testcases.MyBuildings.LEED.EnergyMeterCreateTest">
    <failure type="org.testng.TestNGException" message="
Parameter &amp;apos;browserName&amp;apos; is required by @Configuration on method setup but has not been marked @Optional or defined
">
      <![CDATA[org.testng.TestNGException: 
Parameter 'browserName' is required by @Configuration on method setup but has not been marked @Optional or defined

... Removed 31 stack frames]]>
    </failure>
  </testcase> <!-- @BeforeClass setup -->
  <testcase name="@AfterClass end" time="0.0" classname="com.arc.testcases.MyBuildings.LEED.EnergyMeterCreateTest">
    <failure type="java.lang.NullPointerException">
      <![CDATA[java.lang.NullPointerException
	at com.arc.driver.BaseClass.end(BaseClass.java:185)
... Removed 33 stack frames]]>
    </failure>
  </testcase> <!-- @AfterClass end -->
  <testcase name="@BeforeClass setup" time="0.0" classname="com.arc.testcases.MyBuildings.Other.EnergyMeterCreateTest">
    <failure type="org.testng.TestNGException" message="
Parameter &amp;apos;browserName&amp;apos; is required by @Configuration on method setup but has not been marked @Optional or defined
">
      <![CDATA[org.testng.TestNGException: 
Parameter 'browserName' is required by @Configuration on method setup but has not been marked @Optional or defined

... Removed 31 stack frames]]>
    </failure>
  </testcase> <!-- @BeforeClass setup -->
  <testcase name="@AfterClass end" time="0.0" classname="com.arc.testcases.MyBuildings.Other.EnergyMeterCreateTest">
    <failure type="java.lang.NullPointerException">
      <![CDATA[java.lang.NullPointerException
	at com.arc.driver.BaseClass.end(BaseClass.java:185)
... Removed 33 stack frames]]>
    </failure>
  </testcase> <!-- @AfterClass end -->
  <testcase name="@BeforeClass setup" time="0.0" classname="com.arc.testcases.MyCities.LEEDforCities.EnergyMeterCreateTest">
    <failure type="org.testng.TestNGException" message="
Parameter &amp;apos;browserName&amp;apos; is required by @Configuration on method setup but has not been marked @Optional or defined
">
      <![CDATA[org.testng.TestNGException: 
Parameter 'browserName' is required by @Configuration on method setup but has not been marked @Optional or defined

... Removed 31 stack frames]]>
    </failure>
  </testcase> <!-- @BeforeClass setup -->
  <testcase name="@AfterClass end" time="0.0" classname="com.arc.testcases.MyCities.LEEDforCities.EnergyMeterCreateTest">
    <failure type="java.lang.NullPointerException">
      <![CDATA[java.lang.NullPointerException
	at com.arc.driver.BaseClass.end(BaseClass.java:185)
... Removed 33 stack frames]]>
    </failure>
  </testcase> <!-- @AfterClass end -->
  <testcase name="@BeforeClass setup" time="0.0" classname="com.arc.testcases.MyCities.None.EnergyMeterCreateTest">
    <failure type="org.testng.TestNGException" message="
Parameter &amp;apos;browserName&amp;apos; is required by @Configuration on method setup but has not been marked @Optional or defined
">
      <![CDATA[org.testng.TestNGException: 
Parameter 'browserName' is required by @Configuration on method setup but has not been marked @Optional or defined

... Removed 31 stack frames]]>
    </failure>
  </testcase> <!-- @BeforeClass setup -->
  <testcase name="@AfterClass end" time="0.0" classname="com.arc.testcases.MyCities.None.EnergyMeterCreateTest">
    <failure type="java.lang.NullPointerException">
      <![CDATA[java.lang.NullPointerException
	at com.arc.driver.BaseClass.end(BaseClass.java:185)
... Removed 33 stack frames]]>
    </failure>
  </testcase> <!-- @AfterClass end -->
  <testcase name="@BeforeClass setup" time="0.0" classname="com.arc.testcases.MyCities.Other.EnergyMeterCreateTest">
    <failure type="org.testng.TestNGException" message="
Parameter &amp;apos;browserName&amp;apos; is required by @Configuration on method setup but has not been marked @Optional or defined
">
      <![CDATA[org.testng.TestNGException: 
Parameter 'browserName' is required by @Configuration on method setup but has not been marked @Optional or defined

... Removed 31 stack frames]]>
    </failure>
  </testcase> <!-- @BeforeClass setup -->
  <testcase name="@AfterClass end" time="0.0" classname="com.arc.testcases.MyCities.Other.EnergyMeterCreateTest">
    <failure type="java.lang.NullPointerException">
      <![CDATA[java.lang.NullPointerException
	at com.arc.driver.BaseClass.end(BaseClass.java:185)
... Removed 33 stack frames]]>
    </failure>
  </testcase> <!-- @AfterClass end -->
  <testcase name="@BeforeClass setup" time="0.0" classname="com.arc.testcases.MyCommunities.LEEDforCommunities.EnergyMeterCreateTest">
    <failure type="org.testng.TestNGException" message="
Parameter &amp;apos;browserName&amp;apos; is required by @Configuration on method setup but has not been marked @Optional or defined
">
      <![CDATA[org.testng.TestNGException: 
Parameter 'browserName' is required by @Configuration on method setup but has not been marked @Optional or defined

... Removed 31 stack frames]]>
    </failure>
  </testcase> <!-- @BeforeClass setup -->
  <testcase name="@AfterClass end" time="0.0" classname="com.arc.testcases.MyCommunities.LEEDforCommunities.EnergyMeterCreateTest">
    <failure type="java.lang.NullPointerException">
      <![CDATA[java.lang.NullPointerException
	at com.arc.driver.BaseClass.end(BaseClass.java:185)
... Removed 33 stack frames]]>
    </failure>
  </testcase> <!-- @AfterClass end -->
  <testcase name="@BeforeClass setup" time="0.0" classname="com.arc.testcases.MyCommunities.None.EnergyMeterCreateTest">
    <failure type="org.testng.TestNGException" message="
Parameter &amp;apos;browserName&amp;apos; is required by @Configuration on method setup but has not been marked @Optional or defined
">
      <![CDATA[org.testng.TestNGException: 
Parameter 'browserName' is required by @Configuration on method setup but has not been marked @Optional or defined

... Removed 31 stack frames]]>
    </failure>
  </testcase> <!-- @BeforeClass setup -->
  <testcase name="@AfterClass end" time="0.0" classname="com.arc.testcases.MyCommunities.None.EnergyMeterCreateTest">
    <failure type="java.lang.NullPointerException">
      <![CDATA[java.lang.NullPointerException
	at com.arc.driver.BaseClass.end(BaseClass.java:185)
... Removed 33 stack frames]]>
    </failure>
  </testcase> <!-- @AfterClass end -->
  <testcase name="@BeforeClass setup" time="0.0" classname="com.arc.testcases.MyCommunities.Other.EnergyMeterCreateTest">
    <failure type="org.testng.TestNGException" message="
Parameter &amp;apos;browserName&amp;apos; is required by @Configuration on method setup but has not been marked @Optional or defined
">
      <![CDATA[org.testng.TestNGException: 
Parameter 'browserName' is required by @Configuration on method setup but has not been marked @Optional or defined

... Removed 31 stack frames]]>
    </failure>
  </testcase> <!-- @BeforeClass setup -->
  <testcase name="@AfterClass end" time="0.0" classname="com.arc.testcases.MyCommunities.Other.EnergyMeterCreateTest">
    <failure type="java.lang.NullPointerException">
      <![CDATA[java.lang.NullPointerException
	at com.arc.driver.BaseClass.end(BaseClass.java:185)
... Removed 33 stack frames]]>
    </failure>
  </testcase> <!-- @AfterClass end -->
  <testcase name="@BeforeClass setup" time="0.0" classname="com.arc.testcases.MyCities.LEEDforCities.HumanExpCreateSurveyTest">
    <failure type="org.testng.TestNGException" message="
Parameter &amp;apos;browserName&amp;apos; is required by @Configuration on method setup but has not been marked @Optional or defined
">
      <![CDATA[org.testng.TestNGException: 
Parameter 'browserName' is required by @Configuration on method setup but has not been marked @Optional or defined

... Removed 31 stack frames]]>
    </failure>
  </testcase> <!-- @BeforeClass setup -->
  <testcase name="@AfterClass end" time="0.0" classname="com.arc.testcases.MyCities.LEEDforCities.HumanExpCreateSurveyTest">
    <failure type="java.lang.NullPointerException">
      <![CDATA[java.lang.NullPointerException
	at com.arc.driver.BaseClass.end(BaseClass.java:185)
... Removed 33 stack frames]]>
    </failure>
  </testcase> <!-- @AfterClass end -->
  <testcase name="@BeforeClass setup" time="0.0" classname="com.arc.testcases.MyCities.None.HumanExpCreateSurveyTest">
    <failure type="org.testng.TestNGException" message="
Parameter &amp;apos;browserName&amp;apos; is required by @Configuration on method setup but has not been marked @Optional or defined
">
      <![CDATA[org.testng.TestNGException: 
Parameter 'browserName' is required by @Configuration on method setup but has not been marked @Optional or defined

... Removed 31 stack frames]]>
    </failure>
  </testcase> <!-- @BeforeClass setup -->
  <testcase name="@AfterClass end" time="0.0" classname="com.arc.testcases.MyCities.None.HumanExpCreateSurveyTest">
    <failure type="java.lang.NullPointerException">
      <![CDATA[java.lang.NullPointerException
	at com.arc.driver.BaseClass.end(BaseClass.java:185)
... Removed 33 stack frames]]>
    </failure>
  </testcase> <!-- @AfterClass end -->
  <testcase name="@BeforeClass setup" time="0.0" classname="com.arc.testcases.MyCities.Other.HumanExpCreateSurveyTest">
    <failure type="org.testng.TestNGException" message="
Parameter &amp;apos;browserName&amp;apos; is required by @Configuration on method setup but has not been marked @Optional or defined
">
      <![CDATA[org.testng.TestNGException: 
Parameter 'browserName' is required by @Configuration on method setup but has not been marked @Optional or defined

... Removed 31 stack frames]]>
    </failure>
  </testcase> <!-- @BeforeClass setup -->
  <testcase name="@AfterClass end" time="0.0" classname="com.arc.testcases.MyCities.Other.HumanExpCreateSurveyTest">
    <failure type="java.lang.NullPointerException">
      <![CDATA[java.lang.NullPointerException
	at com.arc.driver.BaseClass.end(BaseClass.java:185)
... Removed 33 stack frames]]>
    </failure>
  </testcase> <!-- @AfterClass end -->
  <testcase name="@BeforeClass setup" time="0.0" classname="com.arc.testcases.MyCommunities.LEEDforCommunities.HumanExpCreateSurveyTest">
    <failure type="org.testng.TestNGException" message="
Parameter &amp;apos;browserName&amp;apos; is required by @Configuration on method setup but has not been marked @Optional or defined
">
      <![CDATA[org.testng.TestNGException: 
Parameter 'browserName' is required by @Configuration on method setup but has not been marked @Optional or defined

... Removed 31 stack frames]]>
    </failure>
  </testcase> <!-- @BeforeClass setup -->
  <testcase name="@AfterClass end" time="0.0" classname="com.arc.testcases.MyCommunities.LEEDforCommunities.HumanExpCreateSurveyTest">
    <failure type="java.lang.NullPointerException">
      <![CDATA[java.lang.NullPointerException
	at com.arc.driver.BaseClass.end(BaseClass.java:185)
... Removed 33 stack frames]]>
    </failure>
  </testcase> <!-- @AfterClass end -->
  <testcase name="@BeforeClass setup" time="0.0" classname="com.arc.testcases.MyCommunities.None.HumanExpCreateSurveyTest">
    <failure type="org.testng.TestNGException" message="
Parameter &amp;apos;browserName&amp;apos; is required by @Configuration on method setup but has not been marked @Optional or defined
">
      <![CDATA[org.testng.TestNGException: 
Parameter 'browserName' is required by @Configuration on method setup but has not been marked @Optional or defined

... Removed 31 stack frames]]>
    </failure>
  </testcase> <!-- @BeforeClass setup -->
  <testcase name="@AfterClass end" time="0.0" classname="com.arc.testcases.MyCommunities.None.HumanExpCreateSurveyTest">
    <failure type="java.lang.NullPointerException">
      <![CDATA[java.lang.NullPointerException
	at com.arc.driver.BaseClass.end(BaseClass.java:185)
... Removed 33 stack frames]]>
    </failure>
  </testcase> <!-- @AfterClass end -->
  <testcase name="@BeforeClass setup" time="0.0" classname="com.arc.testcases.MyCommunities.Other.HumanExpCreateSurveyTest">
    <failure type="org.testng.TestNGException" message="
Parameter &amp;apos;browserName&amp;apos; is required by @Configuration on method setup but has not been marked @Optional or defined
">
      <![CDATA[org.testng.TestNGException: 
Parameter 'browserName' is required by @Configuration on method setup but has not been marked @Optional or defined

... Removed 31 stack frames]]>
    </failure>
  </testcase> <!-- @BeforeClass setup -->
  <testcase name="@AfterClass end" time="0.0" classname="com.arc.testcases.MyCommunities.Other.HumanExpCreateSurveyTest">
    <failure type="java.lang.NullPointerException">
      <![CDATA[java.lang.NullPointerException
	at com.arc.driver.BaseClass.end(BaseClass.java:185)
... Removed 33 stack frames]]>
    </failure>
  </testcase> <!-- @AfterClass end -->
  <testcase name="@BeforeClass setup" time="0.0" classname="com.arc.testcases.MyBuildings.LEED.InstallAllAppsTest">
    <failure type="org.testng.TestNGException" message="
Parameter &amp;apos;browserName&amp;apos; is required by @Configuration on method setup but has not been marked @Optional or defined
">
      <![CDATA[org.testng.TestNGException: 
Parameter 'browserName' is required by @Configuration on method setup but has not been marked @Optional or defined

... Removed 31 stack frames]]>
    </failure>
  </testcase> <!-- @BeforeClass setup -->
  <testcase name="@AfterClass end" time="0.0" classname="com.arc.testcases.MyBuildings.LEED.InstallAllAppsTest">
    <failure type="java.lang.NullPointerException">
      <![CDATA[java.lang.NullPointerException
	at com.arc.driver.BaseClass.end(BaseClass.java:185)
... Removed 33 stack frames]]>
    </failure>
  </testcase> <!-- @AfterClass end -->
  <testcase name="@BeforeClass setup" time="0.0" classname="com.arc.testcases.MyCommunities.LEEDforCommunities.InstallAllAppsTest">
    <failure type="org.testng.TestNGException" message="
Parameter &amp;apos;browserName&amp;apos; is required by @Configuration on method setup but has not been marked @Optional or defined
">
      <![CDATA[org.testng.TestNGException: 
Parameter 'browserName' is required by @Configuration on method setup but has not been marked @Optional or defined

... Removed 31 stack frames]]>
    </failure>
  </testcase> <!-- @BeforeClass setup -->
  <testcase name="@AfterClass end" time="0.0" classname="com.arc.testcases.MyCommunities.LEEDforCommunities.InstallAllAppsTest">
    <failure type="java.lang.NullPointerException">
      <![CDATA[java.lang.NullPointerException
	at com.arc.driver.BaseClass.end(BaseClass.java:185)
... Removed 33 stack frames]]>
    </failure>
  </testcase> <!-- @AfterClass end -->
  <testcase name="@BeforeClass setup" time="0.0" classname="com.arc.testcases.MyBuildings.LEED.LoginCaseTest">
    <failure type="org.testng.TestNGException" message="
Parameter &amp;apos;browserName&amp;apos; is required by @Configuration on method setup but has not been marked @Optional or defined
">
      <![CDATA[org.testng.TestNGException: 
Parameter 'browserName' is required by @Configuration on method setup but has not been marked @Optional or defined

... Removed 31 stack frames]]>
    </failure>
  </testcase> <!-- @BeforeClass setup -->
  <testcase name="@AfterClass end" time="0.0" classname="com.arc.testcases.MyBuildings.LEED.LoginCaseTest">
    <failure type="java.lang.NullPointerException">
      <![CDATA[java.lang.NullPointerException
	at com.arc.driver.BaseClass.end(BaseClass.java:185)
... Removed 33 stack frames]]>
    </failure>
  </testcase> <!-- @AfterClass end -->
  <testcase name="@BeforeClass setup" time="0.0" classname="com.arc.testcases.MyBuildings.LEEDfortransit.LoginCaseTest">
    <failure type="org.testng.TestNGException" message="
Parameter &amp;apos;browserName&amp;apos; is required by @Configuration on method setup but has not been marked @Optional or defined
">
      <![CDATA[org.testng.TestNGException: 
Parameter 'browserName' is required by @Configuration on method setup but has not been marked @Optional or defined

... Removed 31 stack frames]]>
    </failure>
  </testcase> <!-- @BeforeClass setup -->
  <testcase name="@AfterClass end" time="0.0" classname="com.arc.testcases.MyBuildings.LEEDfortransit.LoginCaseTest">
    <failure type="java.lang.NullPointerException">
      <![CDATA[java.lang.NullPointerException
	at com.arc.driver.BaseClass.end(BaseClass.java:185)
... Removed 33 stack frames]]>
    </failure>
  </testcase> <!-- @AfterClass end -->
  <testcase name="@BeforeClass setup" time="0.0" classname="com.arc.testcases.MyBuildings.None.LoginCaseTest">
    <failure type="org.testng.TestNGException" message="
Parameter &amp;apos;browserName&amp;apos; is required by @Configuration on method setup but has not been marked @Optional or defined
">
      <![CDATA[org.testng.TestNGException: 
Parameter 'browserName' is required by @Configuration on method setup but has not been marked @Optional or defined

... Removed 31 stack frames]]>
    </failure>
  </testcase> <!-- @BeforeClass setup -->
  <testcase name="@AfterClass end" time="0.0" classname="com.arc.testcases.MyBuildings.None.LoginCaseTest">
    <failure type="java.lang.NullPointerException">
      <![CDATA[java.lang.NullPointerException
	at com.arc.driver.BaseClass.end(BaseClass.java:185)
... Removed 33 stack frames]]>
    </failure>
  </testcase> <!-- @AfterClass end -->
  <testcase name="@BeforeClass setup" time="0.0" classname="com.arc.testcases.MyBuildings.Other.LoginCaseTest">
    <failure type="org.testng.TestNGException" message="
Parameter &amp;apos;browserName&amp;apos; is required by @Configuration on method setup but has not been marked @Optional or defined
">
      <![CDATA[org.testng.TestNGException: 
Parameter 'browserName' is required by @Configuration on method setup but has not been marked @Optional or defined

... Removed 31 stack frames]]>
    </failure>
  </testcase> <!-- @BeforeClass setup -->
  <testcase name="@AfterClass end" time="0.0" classname="com.arc.testcases.MyBuildings.Other.LoginCaseTest">
    <failure type="java.lang.NullPointerException">
      <![CDATA[java.lang.NullPointerException
	at com.arc.driver.BaseClass.end(BaseClass.java:185)
... Removed 33 stack frames]]>
    </failure>
  </testcase> <!-- @AfterClass end -->
  <testcase name="@BeforeClass setup" time="0.0" classname="com.arc.testcases.MyCities.LEEDforCities.LoginCaseTest">
    <failure type="org.testng.TestNGException" message="
Parameter &amp;apos;browserName&amp;apos; is required by @Configuration on method setup but has not been marked @Optional or defined
">
      <![CDATA[org.testng.TestNGException: 
Parameter 'browserName' is required by @Configuration on method setup but has not been marked @Optional or defined

... Removed 31 stack frames]]>
    </failure>
  </testcase> <!-- @BeforeClass setup -->
  <testcase name="@AfterClass end" time="0.0" classname="com.arc.testcases.MyCities.LEEDforCities.LoginCaseTest">
    <failure type="java.lang.NullPointerException">
      <![CDATA[java.lang.NullPointerException
	at com.arc.driver.BaseClass.end(BaseClass.java:185)
... Removed 33 stack frames]]>
    </failure>
  </testcase> <!-- @AfterClass end -->
  <testcase name="@BeforeClass setup" time="0.0" classname="com.arc.testcases.MyCities.None.LoginCaseTest">
    <failure type="org.testng.TestNGException" message="
Parameter &amp;apos;browserName&amp;apos; is required by @Configuration on method setup but has not been marked @Optional or defined
">
      <![CDATA[org.testng.TestNGException: 
Parameter 'browserName' is required by @Configuration on method setup but has not been marked @Optional or defined

... Removed 31 stack frames]]>
    </failure>
  </testcase> <!-- @BeforeClass setup -->
  <testcase name="@AfterClass end" time="0.0" classname="com.arc.testcases.MyCities.None.LoginCaseTest">
    <failure type="java.lang.NullPointerException">
      <![CDATA[java.lang.NullPointerException
	at com.arc.driver.BaseClass.end(BaseClass.java:185)
... Removed 33 stack frames]]>
    </failure>
  </testcase> <!-- @AfterClass end -->
  <testcase name="@BeforeClass setup" time="0.0" classname="com.arc.testcases.MyCities.Other.LoginCaseTest">
    <failure type="org.testng.TestNGException" message="
Parameter &amp;apos;browserName&amp;apos; is required by @Configuration on method setup but has not been marked @Optional or defined
">
      <![CDATA[org.testng.TestNGException: 
Parameter 'browserName' is required by @Configuration on method setup but has not been marked @Optional or defined

... Removed 31 stack frames]]>
    </failure>
  </testcase> <!-- @BeforeClass setup -->
  <testcase name="@AfterClass end" time="0.0" classname="com.arc.testcases.MyCities.Other.LoginCaseTest">
    <failure type="java.lang.NullPointerException">
      <![CDATA[java.lang.NullPointerException
	at com.arc.driver.BaseClass.end(BaseClass.java:185)
... Removed 33 stack frames]]>
    </failure>
  </testcase> <!-- @AfterClass end -->
  <testcase name="@BeforeClass setup" time="0.0" classname="com.arc.testcases.MyCommunities.LEEDforCommunities.LoginCaseTest">
    <failure type="org.testng.TestNGException" message="
Parameter &amp;apos;browserName&amp;apos; is required by @Configuration on method setup but has not been marked @Optional or defined
">
      <![CDATA[org.testng.TestNGException: 
Parameter 'browserName' is required by @Configuration on method setup but has not been marked @Optional or defined

... Removed 31 stack frames]]>
    </failure>
  </testcase> <!-- @BeforeClass setup -->
  <testcase name="@AfterClass end" time="0.0" classname="com.arc.testcases.MyCommunities.LEEDforCommunities.LoginCaseTest">
    <failure type="java.lang.NullPointerException">
      <![CDATA[java.lang.NullPointerException
	at com.arc.driver.BaseClass.end(BaseClass.java:185)
... Removed 33 stack frames]]>
    </failure>
  </testcase> <!-- @AfterClass end -->
  <testcase name="@BeforeClass setup" time="0.0" classname="com.arc.testcases.MyCommunities.None.LoginCaseTest">
    <failure type="org.testng.TestNGException" message="
Parameter &amp;apos;browserName&amp;apos; is required by @Configuration on method setup but has not been marked @Optional or defined
">
      <![CDATA[org.testng.TestNGException: 
Parameter 'browserName' is required by @Configuration on method setup but has not been marked @Optional or defined

... Removed 31 stack frames]]>
    </failure>
  </testcase> <!-- @BeforeClass setup -->
  <testcase name="@AfterClass end" time="0.0" classname="com.arc.testcases.MyCommunities.None.LoginCaseTest">
    <failure type="java.lang.NullPointerException">
      <![CDATA[java.lang.NullPointerException
	at com.arc.driver.BaseClass.end(BaseClass.java:185)
... Removed 33 stack frames]]>
    </failure>
  </testcase> <!-- @AfterClass end -->
  <testcase name="@BeforeClass setup" time="0.0" classname="com.arc.testcases.MyCommunities.Other.LoginCaseTest">
    <failure type="org.testng.TestNGException" message="
Parameter &amp;apos;browserName&amp;apos; is required by @Configuration on method setup but has not been marked @Optional or defined
">
      <![CDATA[org.testng.TestNGException: 
Parameter 'browserName' is required by @Configuration on method setup but has not been marked @Optional or defined

... Removed 31 stack frames]]>
    </failure>
  </testcase> <!-- @BeforeClass setup -->
  <testcase name="@AfterClass end" time="0.0" classname="com.arc.testcases.MyCommunities.Other.LoginCaseTest">
    <failure type="java.lang.NullPointerException">
      <![CDATA[java.lang.NullPointerException
	at com.arc.driver.BaseClass.end(BaseClass.java:185)
... Removed 33 stack frames]]>
    </failure>
  </testcase> <!-- @AfterClass end -->
  <testcase name="@BeforeClass setup" time="0.0" classname="com.arc.testcases.MyBuildings.Parksmart.LoginCaseTest">
    <failure type="org.testng.TestNGException" message="
Parameter &amp;apos;browserName&amp;apos; is required by @Configuration on method setup but has not been marked @Optional or defined
">
      <![CDATA[org.testng.TestNGException: 
Parameter 'browserName' is required by @Configuration on method setup but has not been marked @Optional or defined

... Removed 31 stack frames]]>
    </failure>
  </testcase> <!-- @BeforeClass setup -->
  <testcase name="@AfterClass end" time="0.0" classname="com.arc.testcases.MyBuildings.Parksmart.LoginCaseTest">
    <failure type="java.lang.NullPointerException">
      <![CDATA[java.lang.NullPointerException
	at com.arc.driver.BaseClass.end(BaseClass.java:185)
... Removed 33 stack frames]]>
    </failure>
  </testcase> <!-- @AfterClass end -->
  <testcase name="@BeforeClass setup" time="0.0" classname="com.arc.testcases.MyCommunities.None.LoginInvaildValuesTest">
    <failure type="org.testng.TestNGException" message="
Parameter &amp;apos;browserName&amp;apos; is required by @Configuration on method setup but has not been marked @Optional or defined
">
      <![CDATA[org.testng.TestNGException: 
Parameter 'browserName' is required by @Configuration on method setup but has not been marked @Optional or defined

... Removed 31 stack frames]]>
    </failure>
  </testcase> <!-- @BeforeClass setup -->
  <testcase name="@AfterClass end" time="0.0" classname="com.arc.testcases.MyCommunities.None.LoginInvaildValuesTest">
    <failure type="java.lang.NullPointerException">
      <![CDATA[java.lang.NullPointerException
	at com.arc.driver.BaseClass.end(BaseClass.java:185)
... Removed 33 stack frames]]>
    </failure>
  </testcase> <!-- @AfterClass end -->
  <testcase name="@BeforeClass setup" time="0.0" classname="com.arc.testcases.MyCommunities.Other.LoginInvaildValuesTest">
    <failure type="org.testng.TestNGException" message="
Parameter &amp;apos;browserName&amp;apos; is required by @Configuration on method setup but has not been marked @Optional or defined
">
      <![CDATA[org.testng.TestNGException: 
Parameter 'browserName' is required by @Configuration on method setup but has not been marked @Optional or defined

... Removed 31 stack frames]]>
    </failure>
  </testcase> <!-- @BeforeClass setup -->
  <testcase name="@AfterClass end" time="0.0" classname="com.arc.testcases.MyCommunities.Other.LoginInvaildValuesTest">
    <failure type="java.lang.NullPointerException">
      <![CDATA[java.lang.NullPointerException
	at com.arc.driver.BaseClass.end(BaseClass.java:185)
... Removed 33 stack frames]]>
    </failure>
  </testcase> <!-- @AfterClass end -->
  <testcase name="@BeforeClass setup" time="0.0" classname="com.arc.testcases.MyCommunities.LEEDforCommunities.LoginInvaildValuesTest">
    <failure type="org.testng.TestNGException" message="
Parameter &amp;apos;browserName&amp;apos; is required by @Configuration on method setup but has not been marked @Optional or defined
">
      <![CDATA[org.testng.TestNGException: 
Parameter 'browserName' is required by @Configuration on method setup but has not been marked @Optional or defined

... Removed 31 stack frames]]>
    </failure>
  </testcase> <!-- @BeforeClass setup -->
  <testcase name="@AfterClass end" time="0.0" classname="com.arc.testcases.MyCommunities.LEEDforCommunities.LoginInvaildValuesTest">
    <failure type="java.lang.NullPointerException">
      <![CDATA[java.lang.NullPointerException
	at com.arc.driver.BaseClass.end(BaseClass.java:185)
... Removed 33 stack frames]]>
    </failure>
  </testcase> <!-- @AfterClass end -->
  <testcase name="@BeforeClass setup" time="0.0" classname="com.arc.testcases.MyCommunities.None.LoginTestBlankValuesTest">
    <failure type="org.testng.TestNGException" message="
Parameter &amp;apos;browserName&amp;apos; is required by @Configuration on method setup but has not been marked @Optional or defined
">
      <![CDATA[org.testng.TestNGException: 
Parameter 'browserName' is required by @Configuration on method setup but has not been marked @Optional or defined

... Removed 31 stack frames]]>
    </failure>
  </testcase> <!-- @BeforeClass setup -->
  <testcase name="@AfterClass end" time="0.0" classname="com.arc.testcases.MyCommunities.None.LoginTestBlankValuesTest">
    <failure type="java.lang.NullPointerException">
      <![CDATA[java.lang.NullPointerException
	at com.arc.driver.BaseClass.end(BaseClass.java:185)
... Removed 33 stack frames]]>
    </failure>
  </testcase> <!-- @AfterClass end -->
  <testcase name="@BeforeClass setup" time="0.0" classname="com.arc.testcases.MyCommunities.Other.LoginTestBlankValuesTest">
    <failure type="org.testng.TestNGException" message="
Parameter &amp;apos;browserName&amp;apos; is required by @Configuration on method setup but has not been marked @Optional or defined
">
      <![CDATA[org.testng.TestNGException: 
Parameter 'browserName' is required by @Configuration on method setup but has not been marked @Optional or defined

... Removed 31 stack frames]]>
    </failure>
  </testcase> <!-- @BeforeClass setup -->
  <testcase name="@AfterClass end" time="0.0" classname="com.arc.testcases.MyCommunities.Other.LoginTestBlankValuesTest">
    <failure type="java.lang.NullPointerException">
      <![CDATA[java.lang.NullPointerException
	at com.arc.driver.BaseClass.end(BaseClass.java:185)
... Removed 33 stack frames]]>
    </failure>
  </testcase> <!-- @AfterClass end -->
  <testcase name="@BeforeClass setup" time="0.0" classname="com.arc.testcases.MyCommunities.LEEDforCommunities.LoginTestBlankValuesTest">
    <failure type="org.testng.TestNGException" message="
Parameter &amp;apos;browserName&amp;apos; is required by @Configuration on method setup but has not been marked @Optional or defined
">
      <![CDATA[org.testng.TestNGException: 
Parameter 'browserName' is required by @Configuration on method setup but has not been marked @Optional or defined

... Removed 31 stack frames]]>
    </failure>
  </testcase> <!-- @BeforeClass setup -->
  <testcase name="@AfterClass end" time="0.0" classname="com.arc.testcases.MyCommunities.LEEDforCommunities.LoginTestBlankValuesTest">
    <failure type="java.lang.NullPointerException">
      <![CDATA[java.lang.NullPointerException
	at com.arc.driver.BaseClass.end(BaseClass.java:185)
... Removed 33 stack frames]]>
    </failure>
  </testcase> <!-- @AfterClass end -->
  <testcase name="@BeforeClass setup" time="0.0" classname="com.arc.testcases.MyBuildings.Parksmart.ManagementTotalPointTest">
    <failure type="org.testng.TestNGException" message="
Parameter &amp;apos;browserName&amp;apos; is required by @Configuration on method setup but has not been marked @Optional or defined
">
      <![CDATA[org.testng.TestNGException: 
Parameter 'browserName' is required by @Configuration on method setup but has not been marked @Optional or defined

... Removed 31 stack frames]]>
    </failure>
  </testcase> <!-- @BeforeClass setup -->
  <testcase name="@AfterClass end" time="0.0" classname="com.arc.testcases.MyBuildings.Parksmart.ManagementTotalPointTest">
    <failure type="java.lang.NullPointerException">
      <![CDATA[java.lang.NullPointerException
	at com.arc.driver.BaseClass.end(BaseClass.java:185)
... Removed 33 stack frames]]>
    </failure>
  </testcase> <!-- @AfterClass end -->
  <testcase name="@BeforeClass setup" time="0.0" classname="com.arc.testcases.MyBuildings.LEED.ModifyOccOptHrsProjectDetailsTest">
    <failure type="org.testng.TestNGException" message="
Parameter &amp;apos;browserName&amp;apos; is required by @Configuration on method setup but has not been marked @Optional or defined
">
      <![CDATA[org.testng.TestNGException: 
Parameter 'browserName' is required by @Configuration on method setup but has not been marked @Optional or defined

... Removed 31 stack frames]]>
    </failure>
  </testcase> <!-- @BeforeClass setup -->
  <testcase name="@AfterClass end" time="0.0" classname="com.arc.testcases.MyBuildings.LEED.ModifyOccOptHrsProjectDetailsTest">
    <failure type="java.lang.NullPointerException">
      <![CDATA[java.lang.NullPointerException
	at com.arc.driver.BaseClass.end(BaseClass.java:185)
... Removed 33 stack frames]]>
    </failure>
  </testcase> <!-- @AfterClass end -->
  <testcase name="@BeforeClass setup" time="0.0" classname="com.arc.testcases.MyBuildings.LEED.OtherMeterCreateTest">
    <failure type="org.testng.TestNGException" message="
Parameter &amp;apos;browserName&amp;apos; is required by @Configuration on method setup but has not been marked @Optional or defined
">
      <![CDATA[org.testng.TestNGException: 
Parameter 'browserName' is required by @Configuration on method setup but has not been marked @Optional or defined

... Removed 31 stack frames]]>
    </failure>
  </testcase> <!-- @BeforeClass setup -->
  <testcase name="@AfterClass end" time="0.0" classname="com.arc.testcases.MyBuildings.LEED.OtherMeterCreateTest">
    <failure type="java.lang.NullPointerException">
      <![CDATA[java.lang.NullPointerException
	at com.arc.driver.BaseClass.end(BaseClass.java:185)
... Removed 33 stack frames]]>
    </failure>
  </testcase> <!-- @AfterClass end -->
  <testcase name="@BeforeClass setup" time="0.0" classname="com.arc.testcases.MyBuildings.LEED.PaymentbyCCTest">
    <failure type="org.testng.TestNGException" message="
Parameter &amp;apos;browserName&amp;apos; is required by @Configuration on method setup but has not been marked @Optional or defined
">
      <![CDATA[org.testng.TestNGException: 
Parameter 'browserName' is required by @Configuration on method setup but has not been marked @Optional or defined

... Removed 31 stack frames]]>
    </failure>
  </testcase> <!-- @BeforeClass setup -->
  <testcase name="@AfterClass end" time="0.0" classname="com.arc.testcases.MyBuildings.LEED.PaymentbyCCTest">
    <failure type="java.lang.NullPointerException">
      <![CDATA[java.lang.NullPointerException
	at com.arc.driver.BaseClass.end(BaseClass.java:185)
... Removed 33 stack frames]]>
    </failure>
  </testcase> <!-- @AfterClass end -->
  <testcase name="@BeforeClass setup" time="0.0" classname="com.arc.testcases.MyBuildings.Parksmart.PaymentbyCCTest">
    <failure type="org.testng.TestNGException" message="
Parameter &amp;apos;browserName&amp;apos; is required by @Configuration on method setup but has not been marked @Optional or defined
">
      <![CDATA[org.testng.TestNGException: 
Parameter 'browserName' is required by @Configuration on method setup but has not been marked @Optional or defined

... Removed 31 stack frames]]>
    </failure>
  </testcase> <!-- @BeforeClass setup -->
  <testcase name="@AfterClass end" time="0.0" classname="com.arc.testcases.MyBuildings.Parksmart.PaymentbyCCTest">
    <failure type="java.lang.NullPointerException">
      <![CDATA[java.lang.NullPointerException
	at com.arc.driver.BaseClass.end(BaseClass.java:185)
... Removed 33 stack frames]]>
    </failure>
  </testcase> <!-- @AfterClass end -->
  <testcase name="@BeforeClass setup" time="0.0" classname="com.arc.testcases.MyBuildings.None.PaymentbyCheckTest">
    <failure type="org.testng.TestNGException" message="
Parameter &amp;apos;browserName&amp;apos; is required by @Configuration on method setup but has not been marked @Optional or defined
">
      <![CDATA[org.testng.TestNGException: 
Parameter 'browserName' is required by @Configuration on method setup but has not been marked @Optional or defined

... Removed 31 stack frames]]>
    </failure>
  </testcase> <!-- @BeforeClass setup -->
  <testcase name="@AfterClass end" time="0.0" classname="com.arc.testcases.MyBuildings.None.PaymentbyCheckTest">
    <failure type="java.lang.NullPointerException">
      <![CDATA[java.lang.NullPointerException
	at com.arc.driver.BaseClass.end(BaseClass.java:185)
... Removed 33 stack frames]]>
    </failure>
  </testcase> <!-- @AfterClass end -->
  <testcase name="@BeforeClass setup" time="0.0" classname="com.arc.testcases.MyBuildings.Other.PaymentbyCheckTest">
    <failure type="org.testng.TestNGException" message="
Parameter &amp;apos;browserName&amp;apos; is required by @Configuration on method setup but has not been marked @Optional or defined
">
      <![CDATA[org.testng.TestNGException: 
Parameter 'browserName' is required by @Configuration on method setup but has not been marked @Optional or defined

... Removed 31 stack frames]]>
    </failure>
  </testcase> <!-- @BeforeClass setup -->
  <testcase name="@AfterClass end" time="0.0" classname="com.arc.testcases.MyBuildings.Other.PaymentbyCheckTest">
    <failure type="java.lang.NullPointerException">
      <![CDATA[java.lang.NullPointerException
	at com.arc.driver.BaseClass.end(BaseClass.java:185)
... Removed 33 stack frames]]>
    </failure>
  </testcase> <!-- @AfterClass end -->
  <testcase name="@BeforeClass setup" time="0.0" classname="com.arc.testcases.MyBuildings.Parksmart.PaymentbyCheckTest">
    <failure type="org.testng.TestNGException" message="
Parameter &amp;apos;browserName&amp;apos; is required by @Configuration on method setup but has not been marked @Optional or defined
">
      <![CDATA[org.testng.TestNGException: 
Parameter 'browserName' is required by @Configuration on method setup but has not been marked @Optional or defined

... Removed 31 stack frames]]>
    </failure>
  </testcase> <!-- @BeforeClass setup -->
  <testcase name="@AfterClass end" time="0.0" classname="com.arc.testcases.MyBuildings.Parksmart.PaymentbyCheckTest">
    <failure type="java.lang.NullPointerException">
      <![CDATA[java.lang.NullPointerException
	at com.arc.driver.BaseClass.end(BaseClass.java:185)
... Removed 33 stack frames]]>
    </failure>
  </testcase> <!-- @AfterClass end -->
  <testcase name="@BeforeClass setup" time="0.0" classname="com.arc.testcases.MyCities.None.PerformanceReviewTest">
    <failure type="org.testng.TestNGException" message="
Parameter &amp;apos;browserName&amp;apos; is required by @Configuration on method setup but has not been marked @Optional or defined
">
      <![CDATA[org.testng.TestNGException: 
Parameter 'browserName' is required by @Configuration on method setup but has not been marked @Optional or defined

... Removed 31 stack frames]]>
    </failure>
  </testcase> <!-- @BeforeClass setup -->
  <testcase name="@AfterClass end" time="0.0" classname="com.arc.testcases.MyCities.None.PerformanceReviewTest">
    <failure type="java.lang.NullPointerException">
      <![CDATA[java.lang.NullPointerException
	at com.arc.driver.BaseClass.end(BaseClass.java:185)
... Removed 33 stack frames]]>
    </failure>
  </testcase> <!-- @AfterClass end -->
  <testcase name="@BeforeClass setup" time="0.0" classname="com.arc.testcases.MyCities.Other.PerformanceReviewTest">
    <failure type="org.testng.TestNGException" message="
Parameter &amp;apos;browserName&amp;apos; is required by @Configuration on method setup but has not been marked @Optional or defined
">
      <![CDATA[org.testng.TestNGException: 
Parameter 'browserName' is required by @Configuration on method setup but has not been marked @Optional or defined

... Removed 31 stack frames]]>
    </failure>
  </testcase> <!-- @BeforeClass setup -->
  <testcase name="@AfterClass end" time="0.0" classname="com.arc.testcases.MyCities.Other.PerformanceReviewTest">
    <failure type="java.lang.NullPointerException">
      <![CDATA[java.lang.NullPointerException
	at com.arc.driver.BaseClass.end(BaseClass.java:185)
... Removed 33 stack frames]]>
    </failure>
  </testcase> <!-- @AfterClass end -->
  <testcase name="@BeforeClass setup" time="0.0" classname="com.arc.testcases.MyCommunities.None.PerformanceReviewTest">
    <failure type="org.testng.TestNGException" message="
Parameter &amp;apos;browserName&amp;apos; is required by @Configuration on method setup but has not been marked @Optional or defined
">
      <![CDATA[org.testng.TestNGException: 
Parameter 'browserName' is required by @Configuration on method setup but has not been marked @Optional or defined

... Removed 31 stack frames]]>
    </failure>
  </testcase> <!-- @BeforeClass setup -->
  <testcase name="@AfterClass end" time="0.0" classname="com.arc.testcases.MyCommunities.None.PerformanceReviewTest">
    <failure type="java.lang.NullPointerException">
      <![CDATA[java.lang.NullPointerException
	at com.arc.driver.BaseClass.end(BaseClass.java:185)
... Removed 33 stack frames]]>
    </failure>
  </testcase> <!-- @AfterClass end -->
  <testcase name="@BeforeClass setup" time="0.0" classname="com.arc.testcases.MyCommunities.Other.PerformanceReviewTest">
    <failure type="org.testng.TestNGException" message="
Parameter &amp;apos;browserName&amp;apos; is required by @Configuration on method setup but has not been marked @Optional or defined
">
      <![CDATA[org.testng.TestNGException: 
Parameter 'browserName' is required by @Configuration on method setup but has not been marked @Optional or defined

... Removed 31 stack frames]]>
    </failure>
  </testcase> <!-- @BeforeClass setup -->
  <testcase name="@AfterClass end" time="0.0" classname="com.arc.testcases.MyCommunities.Other.PerformanceReviewTest">
    <failure type="java.lang.NullPointerException">
      <![CDATA[java.lang.NullPointerException
	at com.arc.driver.BaseClass.end(BaseClass.java:185)
... Removed 33 stack frames]]>
    </failure>
  </testcase> <!-- @AfterClass end -->
  <testcase name="@BeforeClass setup" time="0.0" classname="com.arc.testcases.MyCommunities.LEEDforCommunities.PreCertReviewTest">
    <failure type="org.testng.TestNGException" message="
Parameter &amp;apos;browserName&amp;apos; is required by @Configuration on method setup but has not been marked @Optional or defined
">
      <![CDATA[org.testng.TestNGException: 
Parameter 'browserName' is required by @Configuration on method setup but has not been marked @Optional or defined

... Removed 31 stack frames]]>
    </failure>
  </testcase> <!-- @BeforeClass setup -->
  <testcase name="@AfterClass end" time="0.0" classname="com.arc.testcases.MyCommunities.LEEDforCommunities.PreCertReviewTest">
    <failure type="java.lang.NullPointerException">
      <![CDATA[java.lang.NullPointerException
	at com.arc.driver.BaseClass.end(BaseClass.java:185)
... Removed 33 stack frames]]>
    </failure>
  </testcase> <!-- @AfterClass end -->
  <testcase name="@BeforeClass setup" time="0.0" classname="com.arc.testcases.MyBuildings.LEED.PreCertReviewTest">
    <failure type="org.testng.TestNGException" message="
Parameter &amp;apos;browserName&amp;apos; is required by @Configuration on method setup but has not been marked @Optional or defined
">
      <![CDATA[org.testng.TestNGException: 
Parameter 'browserName' is required by @Configuration on method setup but has not been marked @Optional or defined

... Removed 31 stack frames]]>
    </failure>
  </testcase> <!-- @BeforeClass setup -->
  <testcase name="@AfterClass end" time="0.0" classname="com.arc.testcases.MyBuildings.LEED.PreCertReviewTest">
    <failure type="java.lang.NullPointerException">
      <![CDATA[java.lang.NullPointerException
	at com.arc.driver.BaseClass.end(BaseClass.java:185)
... Removed 33 stack frames]]>
    </failure>
  </testcase> <!-- @AfterClass end -->
  <testcase name="@BeforeClass setup" time="0.0" classname="com.arc.testcases.MyCities.Other.PrecertificationPayTest">
    <failure type="org.testng.TestNGException" message="
Parameter &amp;apos;browserName&amp;apos; is required by @Configuration on method setup but has not been marked @Optional or defined
">
      <![CDATA[org.testng.TestNGException: 
Parameter 'browserName' is required by @Configuration on method setup but has not been marked @Optional or defined

... Removed 31 stack frames]]>
    </failure>
  </testcase> <!-- @BeforeClass setup -->
  <testcase name="@AfterClass end" time="0.0" classname="com.arc.testcases.MyCities.Other.PrecertificationPayTest">
    <failure type="java.lang.NullPointerException">
      <![CDATA[java.lang.NullPointerException
	at com.arc.driver.BaseClass.end(BaseClass.java:185)
... Removed 33 stack frames]]>
    </failure>
  </testcase> <!-- @AfterClass end -->
  <testcase name="@BeforeClass setup" time="0.0" classname="com.arc.testcases.MyBuildings.LEED.PrerequisitesPdfFileUploadTest">
    <failure type="org.testng.TestNGException" message="
Parameter &amp;apos;browserName&amp;apos; is required by @Configuration on method setup but has not been marked @Optional or defined
">
      <![CDATA[org.testng.TestNGException: 
Parameter 'browserName' is required by @Configuration on method setup but has not been marked @Optional or defined

... Removed 31 stack frames]]>
    </failure>
  </testcase> <!-- @BeforeClass setup -->
  <testcase name="@AfterClass end" time="0.0" classname="com.arc.testcases.MyBuildings.LEED.PrerequisitesPdfFileUploadTest">
    <failure type="java.lang.NullPointerException">
      <![CDATA[java.lang.NullPointerException
	at com.arc.driver.BaseClass.end(BaseClass.java:185)
... Removed 33 stack frames]]>
    </failure>
  </testcase> <!-- @AfterClass end -->
  <testcase name="@BeforeClass setup" time="0.0" classname="com.arc.testcases.MyBuildings.LEED.PrerequisitesTextFileUploadTest">
    <failure type="org.testng.TestNGException" message="
Parameter &amp;apos;browserName&amp;apos; is required by @Configuration on method setup but has not been marked @Optional or defined
">
      <![CDATA[org.testng.TestNGException: 
Parameter 'browserName' is required by @Configuration on method setup but has not been marked @Optional or defined

... Removed 31 stack frames]]>
    </failure>
  </testcase> <!-- @BeforeClass setup -->
  <testcase name="@AfterClass end" time="0.0" classname="com.arc.testcases.MyBuildings.LEED.PrerequisitesTextFileUploadTest">
    <failure type="java.lang.NullPointerException">
      <![CDATA[java.lang.NullPointerException
	at com.arc.driver.BaseClass.end(BaseClass.java:185)
... Removed 33 stack frames]]>
    </failure>
  </testcase> <!-- @AfterClass end -->
  <testcase name="@BeforeClass setup" time="0.0" classname="com.arc.testcases.MyBuildings.Parksmart.ProjectDetailsDisplayTest">
    <failure type="org.testng.TestNGException" message="
Parameter &amp;apos;browserName&amp;apos; is required by @Configuration on method setup but has not been marked @Optional or defined
">
      <![CDATA[org.testng.TestNGException: 
Parameter 'browserName' is required by @Configuration on method setup but has not been marked @Optional or defined

... Removed 31 stack frames]]>
    </failure>
  </testcase> <!-- @BeforeClass setup -->
  <testcase name="@AfterClass end" time="0.0" classname="com.arc.testcases.MyBuildings.Parksmart.ProjectDetailsDisplayTest">
    <failure type="java.lang.NullPointerException">
      <![CDATA[java.lang.NullPointerException
	at com.arc.driver.BaseClass.end(BaseClass.java:185)
... Removed 33 stack frames]]>
    </failure>
  </testcase> <!-- @AfterClass end -->
  <testcase name="@BeforeClass setup" time="0.0" classname="com.arc.testcases.MyBuildings.LEED.ProjectDetailsVerificationTest">
    <failure type="org.testng.TestNGException" message="
Parameter &amp;apos;browserName&amp;apos; is required by @Configuration on method setup but has not been marked @Optional or defined
">
      <![CDATA[org.testng.TestNGException: 
Parameter 'browserName' is required by @Configuration on method setup but has not been marked @Optional or defined

... Removed 31 stack frames]]>
    </failure>
  </testcase> <!-- @BeforeClass setup -->
  <testcase name="@AfterClass end" time="0.0" classname="com.arc.testcases.MyBuildings.LEED.ProjectDetailsVerificationTest">
    <failure type="java.lang.NullPointerException">
      <![CDATA[java.lang.NullPointerException
	at com.arc.driver.BaseClass.end(BaseClass.java:185)
... Removed 33 stack frames]]>
    </failure>
  </testcase> <!-- @AfterClass end -->
  <testcase name="@BeforeClass setup" time="0.0" classname="com.arc.testcases.MyCities.LEEDforCities.ProjectDetailsVerificationTest">
    <failure type="org.testng.TestNGException" message="
Parameter &amp;apos;browserName&amp;apos; is required by @Configuration on method setup but has not been marked @Optional or defined
">
      <![CDATA[org.testng.TestNGException: 
Parameter 'browserName' is required by @Configuration on method setup but has not been marked @Optional or defined

... Removed 31 stack frames]]>
    </failure>
  </testcase> <!-- @BeforeClass setup -->
  <testcase name="@AfterClass end" time="0.0" classname="com.arc.testcases.MyCities.LEEDforCities.ProjectDetailsVerificationTest">
    <failure type="java.lang.NullPointerException">
      <![CDATA[java.lang.NullPointerException
	at com.arc.driver.BaseClass.end(BaseClass.java:185)
... Removed 33 stack frames]]>
    </failure>
  </testcase> <!-- @AfterClass end -->
  <testcase name="@BeforeClass setup" time="0.0" classname="com.arc.testcases.MyCommunities.LEEDforCommunities.ProjectDetailsVerificationTest">
    <failure type="org.testng.TestNGException" message="
Parameter &amp;apos;browserName&amp;apos; is required by @Configuration on method setup but has not been marked @Optional or defined
">
      <![CDATA[org.testng.TestNGException: 
Parameter 'browserName' is required by @Configuration on method setup but has not been marked @Optional or defined

... Removed 31 stack frames]]>
    </failure>
  </testcase> <!-- @BeforeClass setup -->
  <testcase name="@AfterClass end" time="0.0" classname="com.arc.testcases.MyCommunities.LEEDforCommunities.ProjectDetailsVerificationTest">
    <failure type="java.lang.NullPointerException">
      <![CDATA[java.lang.NullPointerException
	at com.arc.driver.BaseClass.end(BaseClass.java:185)
... Removed 33 stack frames]]>
    </failure>
  </testcase> <!-- @AfterClass end -->
  <testcase name="@BeforeClass setup" time="0.0" classname="com.arc.testcases.MyBuildings.Parksmart.ProjectFieldVerificationTest">
    <failure type="org.testng.TestNGException" message="
Parameter &amp;apos;browserName&amp;apos; is required by @Configuration on method setup but has not been marked @Optional or defined
">
      <![CDATA[org.testng.TestNGException: 
Parameter 'browserName' is required by @Configuration on method setup but has not been marked @Optional or defined

... Removed 31 stack frames]]>
    </failure>
  </testcase> <!-- @BeforeClass setup -->
  <testcase name="@AfterClass end" time="0.0" classname="com.arc.testcases.MyBuildings.Parksmart.ProjectFieldVerificationTest">
    <failure type="java.lang.NullPointerException">
      <![CDATA[java.lang.NullPointerException
	at com.arc.driver.BaseClass.end(BaseClass.java:185)
... Removed 33 stack frames]]>
    </failure>
  </testcase> <!-- @AfterClass end -->
  <testcase name="@BeforeClass setup" time="0.0" classname="com.arc.testcases.MyCommunities.LEEDforCommunities.ProjectFieldVerificationTest">
    <failure type="org.testng.TestNGException" message="
Parameter &amp;apos;browserName&amp;apos; is required by @Configuration on method setup but has not been marked @Optional or defined
">
      <![CDATA[org.testng.TestNGException: 
[...]
    <skipped/>
  </testcase> <!-- waterFileUpload -->
  <testcase name="waterMeterCreate" time="0.0" classname="com.arc.testcases.MyBuildings.Other.WaterMeterCreateTest">
    <skipped/>
  </testcase> <!-- waterMeterCreate -->
  <testcase name="addTeamMember" time="0.0" classname="com.arc.testcases.MyBuildings.None.AddTeamMemberTest">
    <skipped/>
  </testcase> <!-- addTeamMember -->
  <testcase name="billingDateVerification" time="0.0" classname="com.arc.testcases.MyBuildings.None.BillingDateVerificationTest">
    <skipped/>
  </testcase> <!-- billingDateVerification -->
  <testcase name="billingRegistrationAmountVerification" time="0.0" classname="com.arc.testcases.MyBuildings.None.BillingRegistrationAmountVerificationTest">
    <skipped/>
  </testcase> <!-- billingRegistrationAmountVerification -->
  <testcase name="billingStatusVerificationTest" time="0.0" classname="com.arc.testcases.MyBuildings.None.BillingStatusVerificationTest">
    <skipped/>
  </testcase> <!-- billingStatusVerificationTest -->
  <testcase name="carbonTotal" time="0.0" classname="com.arc.testcases.MyBuildings.None.CTotalAnalyticsTest">
    <skipped/>
  </testcase> <!-- carbonTotal -->
  <testcase name="energyTotalAnalytics" time="0.0" classname="com.arc.testcases.MyBuildings.None.ETotalAnalyticsTest">
    <skipped/>
  </testcase> <!-- energyTotalAnalytics -->
  <testcase name="analyticsTooltip" time="0.0" classname="com.arc.testcases.MyBuildings.None.ETotalAnalyticsTooltipTest">
    <skipped/>
  </testcase> <!-- analyticsTooltip -->
  <testcase name="editProjectDetails" time="0.0" classname="com.arc.testcases.MyBuildings.None.EditProjectDetailsTest">
    <skipped/>
  </testcase> <!-- editProjectDetails -->
  <testcase name="editProjectDetails" time="0.0" classname="com.arc.testcases.MyBuildings.Other.EditProjectDetailsTest">
    <skipped/>
  </testcase> <!-- editProjectDetails -->
  <testcase name="energyFileUpload" time="0.0" classname="com.arc.testcases.MyBuildings.None.EnergyFileUploadTest">
    <skipped/>
  </testcase> <!-- energyFileUpload -->
  <testcase name="energyMeterCreate" time="0.0" classname="com.arc.testcases.MyBuildings.None.EnergyMeterCreateTest">
    <skipped/>
  </testcase> <!-- energyMeterCreate -->
  <testcase name="installAllApps" time="0.0" classname="com.arc.testcases.MyBuildings.None.InstallAllAppsTest">
    <skipped/>
  </testcase> <!-- installAllApps -->
  <testcase name="energyMeterCreate" time="0.0" classname="com.arc.testcases.MyBuildings.None.InternationalLanguagesSpecaialCharacterMeterCreateTest">
    <skipped/>
  </testcase> <!-- energyMeterCreate -->
  <testcase name="modifyProjectDetails" time="0.0" classname="com.arc.testcases.MyBuildings.None.ModifyOccOptHrsProjectDetailsTest">
    <skipped/>
  </testcase> <!-- modifyProjectDetails -->
  <testcase name="editMemberRoleManager" time="0.0" classname="com.arc.testcases.MyBuildings.Other.EditMemberRoleManagerTest">
    <skipped/>
  </testcase> <!-- editMemberRoleManager -->
  <testcase name="editMemberRoleManager" time="0.0" classname="com.arc.testcases.MyCities.None.EditMemberRoleManagerTest">
    <skipped/>
  </testcase> <!-- editMemberRoleManager -->
  <testcase name="addTeamMember" time="0.0" classname="com.arc.testcases.MyCities.Other.AddTeamMemberTest">
    <skipped/>
  </testcase> <!-- addTeamMember -->
  <testcase name="billingDateVerification" time="0.0" classname="com.arc.testcases.MyCities.Other.BillingDateVerificationTest">
    <skipped/>
  </testcase> <!-- billingDateVerification -->
  <testcase name="billingRegistrationAmountVerification" time="0.0" classname="com.arc.testcases.MyCities.Other.BillingRegistrationAmountVerificationTest">
    <skipped/>
  </testcase> <!-- billingRegistrationAmountVerification -->
  <testcase name="billingStatusVerification" time="0.0" classname="com.arc.testcases.MyCities.Other.BillingStatusVerificationTest">
    <skipped/>
  </testcase> <!-- billingStatusVerification -->
  <testcase name="editProjectDetails" time="0.0" classname="com.arc.testcases.MyCities.Other.EditProjectDetailsTest">
    <skipped/>
  </testcase> <!-- editProjectDetails -->
  <testcase name="installAllApps" time="0.0" classname="com.arc.testcases.MyCities.Other.InstallAllAppsTest">
    <skipped/>
  </testcase> <!-- installAllApps -->
  <testcase name="addTeamMember" time="0.0" classname="com.arc.testcases.MyCommunities.None.AddTeamMemberTest">
    <skipped/>
  </testcase> <!-- addTeamMember -->
  <testcase name="billingDateVerification" time="0.0" classname="com.arc.testcases.MyCommunities.None.BillingDateVerificationTest">
    <skipped/>
  </testcase> <!-- billingDateVerification -->
  <testcase name="billingRegistrationAmountVerification" time="0.0" classname="com.arc.testcases.MyCommunities.None.BillingRegistrationAmountVerificationTest">
    <skipped/>
  </testcase> <!-- billingRegistrationAmountVerification -->
  <testcase name="billingStatusVerification" time="0.0" classname="com.arc.testcases.MyCommunities.None.BillingStatusVerificationTest">
    <skipped/>
  </testcase> <!-- billingStatusVerification -->
  <testcase name="editProjectDetails" time="0.0" classname="com.arc.testcases.MyCommunities.None.EditProjectDetailsTest">
    <skipped/>
  </testcase> <!-- editProjectDetails -->
  <testcase name="installAllApps" time="0.0" classname="com.arc.testcases.MyCommunities.None.InstallAllAppsTest">
    <skipped/>
  </testcase> <!-- installAllApps -->
  <testcase name="addTeamMember" time="0.0" classname="com.arc.testcases.MyCommunities.Other.AddTeamMemberTest">
    <skipped/>
  </testcase> <!-- addTeamMember -->
  <testcase name="billingDateVerification" time="0.0" classname="com.arc.testcases.MyCommunities.Other.BillingDateVerificationTest">
    <skipped/>
  </testcase> <!-- billingDateVerification -->
  <testcase name="billingRegistrationAmountVerification" time="0.0" classname="com.arc.testcases.MyCommunities.Other.BillingRegistrationAmountVerificationTest">
    <skipped/>
  </testcase> <!-- billingRegistrationAmountVerification -->
  <testcase name="billingStatusVerification" time="0.0" classname="com.arc.testcases.MyCommunities.Other.BillingStatusVerificationTest">
    <skipped/>
  </testcase> <!-- billingStatusVerification -->
  <testcase name="editProjectDetails" time="0.0" classname="com.arc.testcases.MyCommunities.Other.EditProjectDetailsTest">
    <skipped/>
  </testcase> <!-- editProjectDetails -->
  <testcase name="installAllApps" time="0.0" classname="com.arc.testcases.MyCommunities.Other.InstallAllAppsTest">
    <skipped/>
  </testcase> <!-- installAllApps -->
  <testcase name="PerformanceScoreVerificationReview" time="0.0" classname="com.arc.testcases.MyBuildings.None.PerformanceScoreVerificationReviewTest">
    <skipped/>
  </testcase> <!-- PerformanceScoreVerificationReview -->
  <testcase name="billingRegistrationAmountVerification" time="0.0" classname="com.arc.testcases.MyCities.LEEDforCities.BillingRegistrationAmountVerificationTest">
    <skipped/>
  </testcase> <!-- billingRegistrationAmountVerification -->
  <testcase name="prerequisitesAttempt" time="0.0" classname="com.arc.testcases.MyCities.Other.PrerequisitesAttemptTest">
    <skipped/>
  </testcase> <!-- prerequisitesAttempt -->
  <testcase name="prerequisitesAttempt" time="0.0" classname="com.arc.testcases.MyCommunities.None.PrerequisitesAttemptTest">
    <skipped/>
  </testcase> <!-- prerequisitesAttempt -->
  <testcase name="prerequisitesAttempt" time="0.0" classname="com.arc.testcases.MyCommunities.Other.PrerequisitesAttemptTest">
    <skipped/>
  </testcase> <!-- prerequisitesAttempt -->
  <testcase name="projectDetailsVerification" time="0.0" classname="com.arc.testcases.MyBuildings.None.ProjectDetailsVerificationTest">
    <skipped/>
  </testcase> <!-- projectDetailsVerification -->
  <testcase name="projectDetailsVerification" time="0.0" classname="com.arc.testcases.MyCities.None.ProjectDetailsVerificationTest">
    <skipped/>
  </testcase> <!-- projectDetailsVerification -->
  <testcase name="projectFieldVerification" time="0.0" classname="com.arc.testcases.MyBuildings.None.ProjectFieldVerificationTest">
    <skipped/>
  </testcase> <!-- projectFieldVerification -->
  <testcase name="projectFieldVerification" time="0.0" classname="com.arc.testcases.MyCities.Other.ProjectFieldVerificationTest">
    <skipped/>
  </testcase> <!-- projectFieldVerification -->
  <testcase name="projectFieldVerification" time="0.0" classname="com.arc.testcases.MyCommunities.None.ProjectFieldVerificationTest">
    <skipped/>
  </testcase> <!-- projectFieldVerification -->
  <testcase name="projectFieldVerification" time="0.0" classname="com.arc.testcases.MyCommunities.Other.ProjectFieldVerificationTest">
    <skipped/>
  </testcase> <!-- projectFieldVerification -->
  <testcase name="TeamMemberCreditAssertion" time="0.0" classname="com.arc.testcases.MyBuildings.Other.TeamMemberCreditAssertionTest">
    <skipped/>
  </testcase> <!-- TeamMemberCreditAssertion -->
  <testcase name="prerequisitesAttempt" time="0.0" classname="com.arc.testcases.MyBuildings.None.TeamMemberCreditAssertionTest">
    <skipped/>
  </testcase> <!-- prerequisitesAttempt -->
  <testcase name="addTeamMember" time="0.0" classname="com.arc.testcases.MyBuildings.LEEDfortransit.AddTeamMemberTest">
    <skipped/>
  </testcase> <!-- addTeamMember -->
  <testcase name="baseScoreAttempt" time="0.0" classname="com.arc.testcases.MyBuildings.LEEDfortransit.BaseScoreAttemptTest">
    <skipped/>
  </testcase> <!-- baseScoreAttempt -->
  <testcase name="billingDateVerification" time="0.0" classname="com.arc.testcases.MyBuildings.LEEDfortransit.BillingDateVerificationTest">
    <skipped/>
  </testcase> <!-- billingDateVerification -->
  <testcase name="billingRegistrationAmountVerification" time="0.0" classname="com.arc.testcases.MyBuildings.LEEDfortransit.BillingRegistrationAmountVerificationTest">
    <skipped/>
  </testcase> <!-- billingRegistrationAmountVerification -->
  <testcase name="billingStatusVerification" time="0.0" classname="com.arc.testcases.MyBuildings.LEEDfortransit.BillingStatusVerificationTest">
    <skipped/>
  </testcase> <!-- billingStatusVerification -->
  <testcase name="carbonTotal" time="0.0" classname="com.arc.testcases.MyBuildings.LEEDfortransit.CTotalAnalyticsTest">
    <skipped/>
  </testcase> <!-- carbonTotal -->
  <testcase name="energyTotalAnalytics" time="0.0" classname="com.arc.testcases.MyBuildings.LEEDfortransit.ETotalAnalyticsTest">
    <skipped/>
  </testcase> <!-- energyTotalAnalytics -->
  <testcase name="energyFileUpload" time="0.0" classname="com.arc.testcases.MyBuildings.LEEDfortransit.ETotalAnalyticsTooltipTest">
    <skipped/>
  </testcase> <!-- energyFileUpload -->
  <testcase name="editMemberRoleManager" time="0.0" classname="com.arc.testcases.MyBuildings.LEEDfortransit.EditMemberRoleManagerTest">
    <skipped/>
  </testcase> <!-- editMemberRoleManager -->
  <testcase name="energyFileUpload" time="0.0" classname="com.arc.testcases.MyBuildings.LEEDfortransit.EnergyFileUploadTest">
    <skipped/>
  </testcase> <!-- energyFileUpload -->
  <testcase name="energyMeterCreate" time="0.0" classname="com.arc.testcases.MyBuildings.LEEDfortransit.EnergyMeterCreateTest">
    <skipped/>
  </testcase> <!-- energyMeterCreate -->
  <testcase name="installAllApps" time="0.0" classname="com.arc.testcases.MyBuildings.LEEDfortransit.InstallAllAppsTest">
    <skipped/>
  </testcase> <!-- installAllApps -->
  <testcase name="energyMeterCreate" time="0.0" classname="com.arc.testcases.MyBuildings.LEEDfortransit.InternationalLanguagesSpecaialCharacterMeterCreateTest">
    <skipped/>
  </testcase> <!-- energyMeterCreate -->
  <testcase name="modifyProjectDetails" time="0.0" classname="com.arc.testcases.MyBuildings.LEEDfortransit.ModifyOccOptHrsProjectDetailsTest">
    <skipped/>
  </testcase> <!-- modifyProjectDetails -->
  <testcase name="PreCertReview" time="0.0" classname="com.arc.testcases.MyBuildings.LEEDfortransit.PreCertReviewTest">
    <skipped/>
  </testcase> <!-- PreCertReview -->
  <testcase name="prerequisitesAttempt" time="0.0" classname="com.arc.testcases.MyBuildings.LEEDfortransit.PrerequisitesAttemptTest">
    <skipped/>
  </testcase> <!-- prerequisitesAttempt -->
  <testcase name="prerequisitesPdfUpload" time="0.0" classname="com.arc.testcases.MyBuildings.LEEDfortransit.PrerequisitesPdfFileUploadTest">
    <skipped/>
  </testcase> <!-- prerequisitesPdfUpload -->
  <testcase name="prerequisitesTextFileUpload" time="0.0" classname="com.arc.testcases.MyBuildings.LEEDfortransit.PrerequisitesTextFileUploadTest">
    <skipped/>
  </testcase> <!-- prerequisitesTextFileUpload -->
  <testcase name="projectDetailsVerification" time="0.0" classname="com.arc.testcases.MyBuildings.LEEDfortransit.ProjectDetailsVerificationTest">
    <skipped/>
  </testcase> <!-- projectDetailsVerification -->
  <testcase name="projectFieldVerification" time="0.0" classname="com.arc.testcases.MyBuildings.LEEDfortransit.ProjectFieldVerificationTest">
    <skipped/>
  </testcase> <!-- projectFieldVerification -->
  <testcase name="uninstallAllApps" time="0.0" classname="com.arc.testcases.MyBuildings.LEEDfortransit.UnistallAllAppsTest">
    <skipped/>
  </testcase> <!-- uninstallAllApps -->
  <testcase name="uninstallAllApps" time="0.0" classname="com.arc.testcases.MyBuildings.None.UnistallAllAppsTest">
    <skipped/>
  </testcase> <!-- uninstallAllApps -->
  <testcase name="verifyAgreementFileDownload" time="0.0" classname="com.arc.testcases.MyBuildings.LEEDfortransit.VerifyAgreementFileDownloadTest">
    <skipped/>
  </testcase> <!-- verifyAgreementFileDownload -->
  <testcase name="verifyAgreementFileDownload" time="0.0" classname="com.arc.testcases.MyBuildings.None.VerifyAgreementFileDownloadTest">
    <skipped/>
  </testcase> <!-- verifyAgreementFileDownload -->
  <testcase name="verifyAgreementFileDownload" time="0.0" classname="com.arc.testcases.MyCities.Other.VerifyAgreementFileDownloadTest">
    <skipped/>
  </testcase> <!-- verifyAgreementFileDownload -->
  <testcase name="verifyAgreementFileDownload" time="0.0" classname="com.arc.testcases.MyCommunities.None.VerifyAgreementFileDownloadTest">
    <skipped/>
  </testcase> <!-- verifyAgreementFileDownload -->
  <testcase name="verifyAgreementFileDownload" time="0.0" classname="com.arc.testcases.MyCommunities.Other.VerifyAgreementFileDownloadTest">
    <skipped/>
  </testcase> <!-- verifyAgreementFileDownload -->
  <testcase name="verifyCertificationStatus" time="0.0" classname="com.arc.testcases.MyCities.LEEDforCities.VerifyCertificationStatusTest">
    <skipped/>
  </testcase> <!-- verifyCertificationStatus -->
  <testcase name="verifyCertificationStatus" time="0.0" classname="com.arc.testcases.MyCities.Other.VerifyCertificationStatusTest">
    <skipped/>
  </testcase> <!-- verifyCertificationStatus -->
  <testcase name="verifyCertificationStatus" time="0.0" classname="com.arc.testcases.MyCommunities.None.VerifyCertificationStatusTest">
    <skipped/>
  </testcase> <!-- verifyCertificationStatus -->
  <testcase name="verifyCertificationStatus" time="0.0" classname="com.arc.testcases.MyCommunities.Other.VerifyCertificationStatusTest">
    <skipped/>
  </testcase> <!-- verifyCertificationStatus -->
  <testcase name="billingStatusVerification" time="0.0" classname="com.arc.testcases.MyBuildings.LEEDfortransit.VerifyPRFileDownloadTest">
    <skipped/>
  </testcase> <!-- billingStatusVerification -->
  <testcase name="billingStatusVerification" time="0.0" classname="com.arc.testcases.MyBuildings.None.VerifyPRFileDownloadTest">
    <skipped/>
  </testcase> <!-- billingStatusVerification -->
  <testcase name="precertificationPay" time="0.0" classname="com.arc.testcases.MyBuildings.LEED.PrecertificationPayTest">
    <skipped/>
  </testcase> <!-- precertificationPay -->
  <testcase name="verifyWDailiyMTCO2" time="0.0" classname="com.arc.testcases.MyBuildings.LEEDfortransit.WTotalAnalyticsTest">
    <skipped/>
  </testcase> <!-- verifyWDailiyMTCO2 -->
  <testcase name="verifyWDailiyMTCO2" time="0.0" classname="com.arc.testcases.MyBuildings.None.WTotalAnalyticsTest">
    <skipped/>
  </testcase> <!-- verifyWDailiyMTCO2 -->
  <testcase name="wasteMeterCreate" time="0.0" classname="com.arc.testcases.MyBuildings.LEEDfortransit.WasteMeterCreateTest">
    <skipped/>
  </testcase> <!-- wasteMeterCreate -->
  <testcase name="wasteMeterCreate" time="0.0" classname="com.arc.testcases.MyBuildings.None.WasteMeterCreateTest">
    <skipped/>
  </testcase> <!-- wasteMeterCreate -->
  <testcase name="wasteMeterCreate" time="0.0" classname="com.arc.testcases.MyCities.Other.WasteMeterCreateTest">
    <skipped/>
  </testcase> <!-- wasteMeterCreate -->
  <testcase name="wasteMeterCreate" time="0.0" classname="com.arc.testcases.MyCommunities.None.WasteMeterCreateTest">
    <skipped/>
  </testcase> <!-- wasteMeterCreate -->
  <testcase name="wasteMeterCreate" time="0.0" classname="com.arc.testcases.MyCommunities.Other.WasteMeterCreateTest">
    <skipped/>
  </testcase> <!-- wasteMeterCreate -->
  <testcase name="wasteMeterEditReading" time="0.0" classname="com.arc.testcases.MyBuildings.None.WasteMeterEditReadingTest">
    <skipped/>
  </testcase> <!-- wasteMeterEditReading -->
  <testcase name="wasteMeterEditReading" time="0.0" classname="com.arc.testcases.MyBuildings.Other.WasteMeterEditReadingTest">
    <skipped/>
  </testcase> <!-- wasteMeterEditReading -->
  <testcase name="wasteMeterEditReading" time="0.0" classname="com.arc.testcases.MyBuildings.None.WasteReadingDateOverlappingTest">
    <skipped/>
  </testcase> <!-- wasteMeterEditReading -->
  <testcase name="waterFileUpload" time="0.0" classname="com.arc.testcases.MyBuildings.LEEDfortransit.WaterFileUploadTest">
    <skipped/>
  </testcase> <!-- waterFileUpload -->
  <testcase name="waterFileUpload" time="0.0" classname="com.arc.testcases.MyBuildings.None.WaterFileUploadTest">
    <skipped/>
  </testcase> <!-- waterFileUpload -->
  <testcase name="waterMeterCreate" time="0.0" classname="com.arc.testcases.MyBuildings.LEEDfortransit.WaterMeterCreateTest">
    <skipped/>
  </testcase> <!-- waterMeterCreate -->
  <testcase name="waterMeterCreate" time="0.0" classname="com.arc.testcases.MyBuildings.None.WaterMeterCreateTest">
    <skipped/>
  </testcase> <!-- waterMeterCreate -->
  <testcase name="editMemberRoleManager" time="0.0" classname="com.arc.testcases.MyBuildings.None.EditMemberRoleManagerTest">
    <skipped/>
  </testcase> <!-- editMemberRoleManager -->
  <testcase name="editMemberRoleManager" time="0.0" classname="com.arc.testcases.MyCities.Other.EditMemberRoleManagerTest">
    <skipped/>
  </testcase> <!-- editMemberRoleManager -->
  <testcase name="editMemberRoleManager" time="0.0" classname="com.arc.testcases.MyCommunities.None.EditMemberRoleManagerTest">
    <skipped/>
  </testcase> <!-- editMemberRoleManager -->
  <testcase name="projectDetailsVerification" time="0.0" classname="com.arc.testcases.MyCities.Other.ProjectDetailsVerificationTest">
    <skipped/>
  </testcase> <!-- projectDetailsVerification -->
  <testcase name="projectDetailsVerification" time="0.0" classname="com.arc.testcases.MyCommunities.None.ProjectDetailsVerificationTest">
    <skipped/>
  </testcase> <!-- projectDetailsVerification -->
  <testcase name="projectDetailsVerification" time="0.0" classname="com.arc.testcases.MyCommunities.Other.ProjectDetailsVerificationTest">
    <skipped/>
  </testcase> <!-- projectDetailsVerification -->
  <testcase name="editMemberRoleManager" time="0.0" classname="com.arc.testcases.MyCommunities.Other.EditMemberRoleManagerTest">
    <skipped/>
  </testcase> <!-- editMemberRoleManager -->
  <testcase name="verifyCertificationStatus" time="0.0" classname="com.arc.testcases.MyBuildings.LEED.VerifyCertificationStatusTest">
    <skipped/>
  </testcase> <!-- verifyCertificationStatus -->
</testsuite> <!-- Command line test -->
