<?xml version="1.0" encoding="UTF-8"?>
<!-- Generated by org.testng.reporters.JUnitXMLReporter -->
<testsuite hostname="group10-PC" name="WHC_SmokeTest" tests="1" failures="1" timestamp="16 Jan 2017 07:02:33 GMT" time="234.161" errors="0">
  <testcase name="login" time="174.122" classname="com.arc.testcases.PublicSearch.ClickSearchedProgramTest">
    <failure type="java.lang.Error" message="Unable to locate element: {&amp;quot;method&amp;quot;:&amp;quot;xpath&amp;quot;,&amp;quot;selector&amp;quot;:&amp;quot;.//h1[@class=&amp;apos;page-title pull-left&amp;apos;]&amp;quot;}
Command duration or timeout: 41.19 seconds
For documentation on this error, please visit: http://seleniumhq.org/exceptions/no_such_element.html
Build info: version: &amp;apos;2.53.1&amp;apos;, revision: &amp;apos;a36b8b1cd5757287168e54b817830adce9b0158d&amp;apos;, time: &amp;apos;2016-06-30 19:26:09&amp;apos;
System info: host: &amp;apos;group10-PC&amp;apos;, ip: &amp;apos;192.168.1.36&amp;apos;, os.name: &amp;apos;Windows 7&amp;apos;, os.arch: &amp;apos;amd64&amp;apos;, os.version: &amp;apos;6.1&amp;apos;, java.version: &amp;apos;1.8.0_101&amp;apos;
Driver info: org.openqa.selenium.firefox.FirefoxDriver
Capabilities [{applicationCacheEnabled=true, rotatable=false, handlesAlerts=true, databaseEnabled=true, version=38.0, platform=WINDOWS, nativeEvents=false, acceptSslCerts=true, webStorageEnabled=true, locationContextEnabled=true, browserName=firefox, takesScreenshot=true, javascriptEnabled=true, cssSelectorsEnabled=true}]
Session ID: e505d7c3-5077-48ba-99d3-4a8d54300a8c
*** Element info: {Using=xpath, value=.//h1[@class=&amp;apos;page-title pull-left&amp;apos;]}">
      <![CDATA[java.lang.Error: Unable to locate element: {"method":"xpath","selector":".//h1[@class='page-title pull-left']"}
Command duration or timeout: 41.19 seconds
For documentation on this error, please visit: http://seleniumhq.org/exceptions/no_such_element.html
Build info: version: '2.53.1', revision: 'a36b8b1cd5757287168e54b817830adce9b0158d', time: '2016-06-30 19:26:09'
System info: host: 'group10-PC', ip: '192.168.1.36', os.name: 'Windows 7', os.arch: 'amd64', os.version: '6.1', java.version: '1.8.0_101'
Driver info: org.openqa.selenium.firefox.FirefoxDriver
Capabilities [{applicationCacheEnabled=true, rotatable=false, handlesAlerts=true, databaseEnabled=true, version=38.0, platform=WINDOWS, nativeEvents=false, acceptSslCerts=true, webStorageEnabled=true, locationContextEnabled=true, browserName=firefox, takesScreenshot=true, javascriptEnabled=true, cssSelectorsEnabled=true}]
Session ID: e505d7c3-5077-48ba-99d3-4a8d54300a8c
*** Element info: {Using=xpath, value=.//h1[@class='page-title pull-left']}
	at org.openqa.selenium.remote.ErrorHandler.createThrowable(ErrorHandler.java:206)
	at org.openqa.selenium.remote.ErrorHandler.throwIfResponseFailed(ErrorHandler.java:158)
	at org.openqa.selenium.remote.RemoteWebDriver.execute(RemoteWebDriver.java:678)
	at org.openqa.selenium.remote.RemoteWebDriver.findElement(RemoteWebDriver.java:363)
	at org.openqa.selenium.remote.RemoteWebDriver.findElementByXPath(RemoteWebDriver.java:500)
	at org.openqa.selenium.By$ByXPath.findElement(By.java:361)
	at org.openqa.selenium.remote.RemoteWebDriver.findElement(RemoteWebDriver.java:355)
	at com.arc.driver.CommonMethod.findElement(CommonMethod.java:72)
	at com.arc.driver.CommonMethod.assertEqualsmessage(CommonMethod.java:191)
	at com.arc.ReusableMethods.ReusableMethodsSearch.VerifySearchedProgram(ReusableMethodsSearch.java:35)
	at com.arc.testcases.PublicSearch.ClickSearchedProgramTest.login(ClickSearchedProgramTest.java:35)
... Removed 28 stack frames]]>
    </failure>
  </testcase> <!-- login -->
</testsuite> <!-- WHC_SmokeTest -->
